Thu Jul 10 13:09:19 +0000 2025 - Executing "{openroad -exit -no_init -python /openlane/scripts/odbpy/lefutil.py get_metal_layers -o /openlane/designs/alu/runs/RUN_2025.07.10_13.09.18/tmp/layers.list /home/arjun/.volare/sky130A/libs.ref/sky130_fd_sc_hd/techlef/sky130_fd_sc_hd__nom.tlef}"

Thu Jul 10 13:09:19 +0000 2025 - Executing "{/openlane/scripts/mergeLef.py -o /openlane/designs/alu/runs/RUN_2025.07.10_13.09.18/tmp/merged.nom.lef -i /home/arjun/.volare/sky130A/libs.ref/sky130_fd_sc_hd/techlef/sky130_fd_sc_hd__nom.tlef {/home/arjun/.volare/sky130A/libs.ref/sky130_fd_sc_hd/lef/sky130_fd_sc_hd.lef /home/arjun/.volare/sky130A/libs.ref/sky130_fd_sc_hd/lef/sky130_ef_sc_hd.lef} |& tee /dev/null}"

Thu Jul 10 13:09:19 +0000 2025 - Executing "{/openlane/scripts/mergeLef.py -o /openlane/designs/alu/runs/RUN_2025.07.10_13.09.18/tmp/merged.min.lef -i /home/arjun/.volare/sky130A/libs.ref/sky130_fd_sc_hd/techlef/sky130_fd_sc_hd__min.tlef {/home/arjun/.volare/sky130A/libs.ref/sky130_fd_sc_hd/lef/sky130_fd_sc_hd.lef /home/arjun/.volare/sky130A/libs.ref/sky130_fd_sc_hd/lef/sky130_ef_sc_hd.lef} |& tee /dev/null}"

Thu Jul 10 13:09:19 +0000 2025 - Executing "{/openlane/scripts/mergeLef.py -o /openlane/designs/alu/runs/RUN_2025.07.10_13.09.18/tmp/merged.max.lef -i /home/arjun/.volare/sky130A/libs.ref/sky130_fd_sc_hd/techlef/sky130_fd_sc_hd__max.tlef {/home/arjun/.volare/sky130A/libs.ref/sky130_fd_sc_hd/lef/sky130_fd_sc_hd.lef /home/arjun/.volare/sky130A/libs.ref/sky130_fd_sc_hd/lef/sky130_ef_sc_hd.lef} |& tee /dev/null}"

Thu Jul 10 13:09:19 +0000 2025 - Executing "{python3 /openlane/scripts/mergeLib.py --output /openlane/designs/alu/runs/RUN_2025.07.10_13.09.18/tmp/synthesis/merged.lib --name sky130A_merged /home/arjun/.volare/sky130A/libs.ref/sky130_fd_sc_hd/lib/sky130_fd_sc_hd__tt_025C_1v80.lib}"

Thu Jul 10 13:09:20 +0000 2025 - Executing "{python3 /openlane/scripts/libtrim.py --cell-file /openlane/designs/alu/runs/RUN_2025.07.10_13.09.18/tmp/synthesis/trimmed.lib.exclude.list --output /openlane/designs/alu/runs/RUN_2025.07.10_13.09.18/tmp/synthesis/trimmed.lib /openlane/designs/alu/runs/RUN_2025.07.10_13.09.18/tmp/synthesis/merged.lib}"

Thu Jul 10 13:09:20 +0000 2025 - Executing "{python3 /openlane/scripts/libtrim.py --cell-file /openlane/designs/alu/runs/RUN_2025.07.10_13.09.18/tmp/cts/cts.lib.exclude.list --output /openlane/designs/alu/runs/RUN_2025.07.10_13.09.18/tmp/cts/cts.lib /home/arjun/.volare/sky130A/libs.ref/sky130_fd_sc_hd/lib/sky130_fd_sc_hd__tt_025C_1v80.lib}"

Thu Jul 10 13:09:20 +0000 2025 - Executing "{python3 /openlane/scripts/libtrim.py --cell-file /openlane/designs/alu/runs/RUN_2025.07.10_13.09.18/tmp/cts/cts-fastest.lib.exclude.list --output /openlane/designs/alu/runs/RUN_2025.07.10_13.09.18/tmp/cts/cts-fastest.lib /home/arjun/.volare/sky130A/libs.ref/sky130_fd_sc_hd/lib/sky130_fd_sc_hd__ff_n40C_1v95.lib}"

Thu Jul 10 13:09:21 +0000 2025 - Executing "{python3 /openlane/scripts/libtrim.py --cell-file /openlane/designs/alu/runs/RUN_2025.07.10_13.09.18/tmp/cts/cts-slowest.lib.exclude.list --output /openlane/designs/alu/runs/RUN_2025.07.10_13.09.18/tmp/cts/cts-slowest.lib /home/arjun/.volare/sky130A/libs.ref/sky130_fd_sc_hd/lib/sky130_fd_sc_hd__ss_100C_1v60.lib}"

Thu Jul 10 13:09:21 +0000 2025 - Executing "{python3 /openlane/scripts/new_tracks.py -i /home/arjun/.volare/sky130A/libs.tech/openlane/sky130_fd_sc_hd/tracks.info -o /openlane/designs/alu/runs/RUN_2025.07.10_13.09.18/tmp/routing/config.tracks}"

Thu Jul 10 13:09:21 +0000 2025 - Executing "{echo {OpenLane e73fb3c57e687a0023fcd4dcfd1566ecd478362a} > /openlane/designs/alu/runs/RUN_2025.07.10_13.09.18/OPENLANE_COMMIT}"

Thu Jul 10 13:09:21 +0000 2025 - Executing "{yosys -c /openlane/scripts/yosys/blackbox.tcl}"

Thu Jul 10 13:09:21 +0000 2025 - Executing "{verilator -Wall --lint-only --Wno-DECLFILENAME --top-module alu /openlane/designs/alu/runs/RUN_2025.07.10_13.09.18/tmp/synthesis/blackbox/sky130_fd_sc_hd__blackbox.v designs/alu/src/alu.v -Wno-fatal --relative-includes |& tee /openlane/designs/alu/runs/RUN_2025.07.10_13.09.18/logs/synthesis/linter.log /dev/null}"

Thu Jul 10 13:09:22 +0000 2025 - Executing "{sed -E {s/^([[:space:]]+)pg_pin(.*)/\1pin\2\n\1    direction : "inout";/g} /home/arjun/.volare/sky130A/libs.ref/sky130_fd_sc_hd/lib/sky130_fd_sc_hd__tt_025C_1v80.lib > /openlane/designs/alu/runs/RUN_2025.07.10_13.09.18/tmp/synthesis/1-sky130_fd_sc_hd__tt_025C_1v80.no_pg.lib}"

Thu Jul 10 13:09:22 +0000 2025 - Executing "{sed -E {s/^([[:space:]]+)pg_pin(.*)/\1pin\2\n\1    direction : "inout";/g} /openlane/designs/alu/runs/RUN_2025.07.10_13.09.18/tmp/synthesis/trimmed.lib > /openlane/designs/alu/runs/RUN_2025.07.10_13.09.18/tmp/synthesis/1-trimmed.no_pg.lib}"

Thu Jul 10 13:09:22 +0000 2025 - Executing "yosys -c /openlane/scripts/yosys/synth.tcl |& tee /dev/null /openlane/designs/alu/runs/RUN_2025.07.10_13.09.18/logs/synthesis/1-synthesis.log"

Thu Jul 10 13:09:22 +0000 2025 - Executing "{yosys -c /openlane/scripts/yosys/synth.tcl |& tee /dev/null /openlane/designs/alu/runs/RUN_2025.07.10_13.09.18/logs/synthesis/1-synthesis.log}"

Thu Jul 10 13:09:23 +0000 2025 - Executing "{sed -i.bak -e {s/\(set ::env(CURRENT_NETLIST)\).*/\1 \/openlane\/designs\/alu\/runs\/RUN_2025.07.10_13.09.18\/results\/synthesis\/alu.v/} /openlane/designs/alu/runs/RUN_2025.07.10_13.09.18/config.tcl}"

Thu Jul 10 13:09:23 +0000 2025 - Executing "{sed -i.bak /defparam/d /openlane/designs/alu/runs/RUN_2025.07.10_13.09.18/results/synthesis/alu.v}"

Thu Jul 10 13:09:23 +0000 2025 - Executing "sta -exit -no_init /openlane/scripts/openroad/sta/multi_corner.tcl |& tee /dev/null /openlane/designs/alu/runs/RUN_2025.07.10_13.09.18/logs/synthesis/2-sta.log"

Thu Jul 10 13:09:23 +0000 2025 - Executing "{sta -exit -no_init /openlane/scripts/openroad/sta/multi_corner.tcl |& tee /dev/null /openlane/designs/alu/runs/RUN_2025.07.10_13.09.18/logs/synthesis/2-sta.log}"

Thu Jul 10 13:09:24 +0000 2025 - Executing "openroad -exit /openlane/scripts/openroad/floorplan.tcl |& tee /dev/null /openlane/designs/alu/runs/RUN_2025.07.10_13.09.18/logs/floorplan/3-initial_fp.log"

Thu Jul 10 13:09:24 +0000 2025 - Executing "{openroad -exit /openlane/scripts/openroad/floorplan.tcl |& tee /dev/null /openlane/designs/alu/runs/RUN_2025.07.10_13.09.18/logs/floorplan/3-initial_fp.log}"

Thu Jul 10 13:09:25 +0000 2025 - Executing "{openroad -exit -no_init -python /openlane/scripts/odbpy/snap_to_grid.py --output /openlane/designs/alu/runs/RUN_2025.07.10_13.09.18/tmp/floorplan/3-minimized_pdn.txt --input-lef /openlane/designs/alu/runs/RUN_2025.07.10_13.09.18/tmp/merged.nom.lef 3.1625 3.0599999999999996 6.325 6.119999999999999}"

Thu Jul 10 13:09:25 +0000 2025 - Executing "{openroad -exit -no_init -python /openlane/scripts/odbpy/defutil.py extract_core_dims --output-data /openlane/designs/alu/runs/RUN_2025.07.10_13.09.18/tmp/dimensions.txt --input-lef /openlane/designs/alu/runs/RUN_2025.07.10_13.09.18/tmp/merged.nom.lef /openlane/designs/alu/runs/RUN_2025.07.10_13.09.18/tmp/floorplan/3-initial_fp.def}"

Thu Jul 10 13:09:26 +0000 2025 - Executing "openroad -exit /openlane/scripts/openroad/ioplacer.tcl |& tee /dev/null /openlane/designs/alu/runs/RUN_2025.07.10_13.09.18/logs/floorplan/4-io.log"

Thu Jul 10 13:09:26 +0000 2025 - Executing "{openroad -exit /openlane/scripts/openroad/ioplacer.tcl |& tee /dev/null /openlane/designs/alu/runs/RUN_2025.07.10_13.09.18/logs/floorplan/4-io.log}"

Thu Jul 10 13:09:27 +0000 2025 - Executing "openroad -exit /openlane/scripts/openroad/tapcell.tcl |& tee /dev/null /openlane/designs/alu/runs/RUN_2025.07.10_13.09.18/logs/floorplan/5-tap.log"

Thu Jul 10 13:09:27 +0000 2025 - Executing "{openroad -exit /openlane/scripts/openroad/tapcell.tcl |& tee /dev/null /openlane/designs/alu/runs/RUN_2025.07.10_13.09.18/logs/floorplan/5-tap.log}"

Thu Jul 10 13:09:27 +0000 2025 - Executing "openroad -exit /openlane/scripts/openroad/pdn.tcl |& tee /dev/null /openlane/designs/alu/runs/RUN_2025.07.10_13.09.18/logs/floorplan/6-pdn.log"

Thu Jul 10 13:09:27 +0000 2025 - Executing "{openroad -exit /openlane/scripts/openroad/pdn.tcl |& tee /dev/null /openlane/designs/alu/runs/RUN_2025.07.10_13.09.18/logs/floorplan/6-pdn.log}"

Thu Jul 10 13:09:28 +0000 2025 - Executing "{python3 /openlane/scripts/write_runtime.py --conclude --seconds --time-in 1752152968 {flow failed}}"

Thu Jul 10 13:09:29 +0000 2025 - Executing "{python3 /openlane/scripts/generate_reports.py -d /openlane/designs/alu --design_name alu --tag RUN_2025.07.10_13.09.18 --output_file /openlane/designs/alu/runs/RUN_2025.07.10_13.09.18/reports/metrics.csv --man_report /openlane/designs/alu/runs/RUN_2025.07.10_13.09.18/reports/manufacturability.rpt --run_path /openlane/designs/alu/runs/RUN_2025.07.10_13.09.18}"

