
===========================================================================
report_checks -path_delay max (Setup)
============================================================================
======================= Typical Corner ===================================

Startpoint: SEL[1] (input port clocked by __VIRTUAL_CLK__)
Endpoint: Y[3] (output port clocked by __VIRTUAL_CLK__)
Path Group: __VIRTUAL_CLK__
Path Type: max

Fanout     Cap    Slew   Delay    Time   Description
-----------------------------------------------------------------------------
                  0.00    0.00    0.00   clock __VIRTUAL_CLK__ (rise edge)
                          0.00    0.00   clock network delay (ideal)
                          2.00    2.00 v input external delay
     1    0.00    0.01    0.00    2.00 v SEL[1] (in)
                                         SEL[1] (net)
                  0.01    0.00    2.00 v input10/A (sky130_fd_sc_hd__dlymetal6s2s_1)
     5    0.02    0.09    0.18    2.18 v input10/X (sky130_fd_sc_hd__dlymetal6s2s_1)
                                         net10 (net)
                  0.09    0.00    2.18 v _36_/A (sky130_fd_sc_hd__or2b_1)
     4    0.01    0.08    0.29    2.47 v _36_/X (sky130_fd_sc_hd__or2b_1)
                                         _05_ (net)
                  0.08    0.00    2.47 v _37_/C (sky130_fd_sc_hd__and3_1)
     2    0.00    0.05    0.21    2.68 v _37_/X (sky130_fd_sc_hd__and3_1)
                                         _06_ (net)
                  0.05    0.00    2.68 v _40_/B (sky130_fd_sc_hd__or3_1)
     2    0.01    0.08    0.38    3.06 v _40_/X (sky130_fd_sc_hd__or3_1)
                                         _09_ (net)
                  0.08    0.00    3.06 v _46_/A2 (sky130_fd_sc_hd__a21o_1)
     2    0.01    0.06    0.22    3.29 v _46_/X (sky130_fd_sc_hd__a21o_1)
                                         _14_ (net)
                  0.06    0.00    3.29 v _56_/A1 (sky130_fd_sc_hd__a21oi_1)
     1    0.01    0.18    0.19    3.47 ^ _56_/Y (sky130_fd_sc_hd__a21oi_1)
                                         _23_ (net)
                  0.18    0.00    3.47 ^ _61_/A (sky130_fd_sc_hd__xnor2_1)
     1    0.00    0.12    0.14    3.62 ^ _61_/Y (sky130_fd_sc_hd__xnor2_1)
                                         _28_ (net)
                  0.12    0.00    3.62 ^ _63_/B1 (sky130_fd_sc_hd__o221a_1)
     1    0.00    0.05    0.20    3.82 ^ _63_/X (sky130_fd_sc_hd__o221a_1)
                                         net14 (net)
                  0.05    0.00    3.82 ^ output14/A (sky130_fd_sc_hd__buf_2)
     1    0.03    0.17    0.21    4.03 ^ output14/X (sky130_fd_sc_hd__buf_2)
                                         Y[3] (net)
                  0.17    0.00    4.03 ^ Y[3] (out)
                                  4.03   data arrival time

                  0.00   10.00   10.00   clock __VIRTUAL_CLK__ (rise edge)
                          0.00   10.00   clock network delay (ideal)
                         -0.25    9.75   clock uncertainty
                          0.00    9.75   clock reconvergence pessimism
                         -2.00    7.75   output external delay
                                  7.75   data required time
-----------------------------------------------------------------------------
                                  7.75   data required time
                                 -4.03   data arrival time
-----------------------------------------------------------------------------
                                  3.72   slack (MET)


Startpoint: SEL[1] (input port clocked by __VIRTUAL_CLK__)
Endpoint: Y[2] (output port clocked by __VIRTUAL_CLK__)
Path Group: __VIRTUAL_CLK__
Path Type: max

Fanout     Cap    Slew   Delay    Time   Description
-----------------------------------------------------------------------------
                  0.00    0.00    0.00   clock __VIRTUAL_CLK__ (rise edge)
                          0.00    0.00   clock network delay (ideal)
                          2.00    2.00 v input external delay
     1    0.00    0.01    0.00    2.00 v SEL[1] (in)
                                         SEL[1] (net)
                  0.01    0.00    2.00 v input10/A (sky130_fd_sc_hd__dlymetal6s2s_1)
     5    0.02    0.09    0.18    2.18 v input10/X (sky130_fd_sc_hd__dlymetal6s2s_1)
                                         net10 (net)
                  0.09    0.00    2.18 v _36_/A (sky130_fd_sc_hd__or2b_1)
     4    0.01    0.08    0.29    2.47 v _36_/X (sky130_fd_sc_hd__or2b_1)
                                         _05_ (net)
                  0.08    0.00    2.47 v _37_/C (sky130_fd_sc_hd__and3_1)
     2    0.00    0.05    0.21    2.68 v _37_/X (sky130_fd_sc_hd__and3_1)
                                         _06_ (net)
                  0.05    0.00    2.68 v _40_/B (sky130_fd_sc_hd__or3_1)
     2    0.01    0.08    0.38    3.06 v _40_/X (sky130_fd_sc_hd__or3_1)
                                         _09_ (net)
                  0.08    0.00    3.06 v _46_/A2 (sky130_fd_sc_hd__a21o_1)
     2    0.01    0.06    0.22    3.29 v _46_/X (sky130_fd_sc_hd__a21o_1)
                                         _14_ (net)
                  0.06    0.00    3.29 v _50_/A (sky130_fd_sc_hd__xnor2_1)
     1    0.00    0.05    0.13    3.42 v _50_/Y (sky130_fd_sc_hd__xnor2_1)
                                         _18_ (net)
                  0.05    0.00    3.42 v _51_/B (sky130_fd_sc_hd__nand2_1)
     1    0.00    0.05    0.07    3.49 ^ _51_/Y (sky130_fd_sc_hd__nand2_1)
                                         _19_ (net)
                  0.05    0.00    3.49 ^ _53_/B1 (sky130_fd_sc_hd__o211a_1)
     1    0.00    0.05    0.15    3.64 ^ _53_/X (sky130_fd_sc_hd__o211a_1)
                                         net13 (net)
                  0.05    0.00    3.64 ^ output13/A (sky130_fd_sc_hd__clkbuf_4)
     1    0.03    0.11    0.20    3.84 ^ output13/X (sky130_fd_sc_hd__clkbuf_4)
                                         Y[2] (net)
                  0.11    0.00    3.84 ^ Y[2] (out)
                                  3.84   data arrival time

                  0.00   10.00   10.00   clock __VIRTUAL_CLK__ (rise edge)
                          0.00   10.00   clock network delay (ideal)
                         -0.25    9.75   clock uncertainty
                          0.00    9.75   clock reconvergence pessimism
                         -2.00    7.75   output external delay
                                  7.75   data required time
-----------------------------------------------------------------------------
                                  7.75   data required time
                                 -3.84   data arrival time
-----------------------------------------------------------------------------
                                  3.91   slack (MET)


Startpoint: SEL[1] (input port clocked by __VIRTUAL_CLK__)
Endpoint: Y[1] (output port clocked by __VIRTUAL_CLK__)
Path Group: __VIRTUAL_CLK__
Path Type: max

Fanout     Cap    Slew   Delay    Time   Description
-----------------------------------------------------------------------------
                  0.00    0.00    0.00   clock __VIRTUAL_CLK__ (rise edge)
                          0.00    0.00   clock network delay (ideal)
                          2.00    2.00 v input external delay
     1    0.00    0.01    0.00    2.00 v SEL[1] (in)
                                         SEL[1] (net)
                  0.01    0.00    2.00 v input10/A (sky130_fd_sc_hd__dlymetal6s2s_1)
     5    0.02    0.09    0.18    2.18 v input10/X (sky130_fd_sc_hd__dlymetal6s2s_1)
                                         net10 (net)
                  0.09    0.00    2.18 v _36_/A (sky130_fd_sc_hd__or2b_1)
     4    0.01    0.08    0.29    2.47 v _36_/X (sky130_fd_sc_hd__or2b_1)
                                         _05_ (net)
                  0.08    0.00    2.47 v _37_/C (sky130_fd_sc_hd__and3_1)
     2    0.00    0.05    0.21    2.68 v _37_/X (sky130_fd_sc_hd__and3_1)
                                         _06_ (net)
                  0.05    0.00    2.68 v _40_/B (sky130_fd_sc_hd__or3_1)
     2    0.01    0.08    0.38    3.06 v _40_/X (sky130_fd_sc_hd__or3_1)
                                         _09_ (net)
                  0.08    0.00    3.06 v _41_/B (sky130_fd_sc_hd__and2b_1)
     1    0.01    0.04    0.19    3.25 v _41_/X (sky130_fd_sc_hd__and2b_1)
                                         _10_ (net)
                  0.04    0.00    3.25 v _42_/B (sky130_fd_sc_hd__xnor2_1)
     1    0.00    0.05    0.13    3.38 v _42_/Y (sky130_fd_sc_hd__xnor2_1)
                                         _11_ (net)
                  0.05    0.00    3.38 v _43_/B (sky130_fd_sc_hd__nand2_1)
     1    0.00    0.05    0.07    3.44 ^ _43_/Y (sky130_fd_sc_hd__nand2_1)
                                         _12_ (net)
                  0.05    0.00    3.44 ^ _45_/B1 (sky130_fd_sc_hd__o211a_1)
     1    0.00    0.05    0.15    3.59 ^ _45_/X (sky130_fd_sc_hd__o211a_1)
                                         net12 (net)
                  0.05    0.00    3.59 ^ output12/A (sky130_fd_sc_hd__buf_2)
     1    0.04    0.18    0.22    3.81 ^ output12/X (sky130_fd_sc_hd__buf_2)
                                         Y[1] (net)
                  0.18    0.00    3.81 ^ Y[1] (out)
                                  3.81   data arrival time

                  0.00   10.00   10.00   clock __VIRTUAL_CLK__ (rise edge)
                          0.00   10.00   clock network delay (ideal)
                         -0.25    9.75   clock uncertainty
                          0.00    9.75   clock reconvergence pessimism
                         -2.00    7.75   output external delay
                                  7.75   data required time
-----------------------------------------------------------------------------
                                  7.75   data required time
                                 -3.81   data arrival time
-----------------------------------------------------------------------------
                                  3.94   slack (MET)


Startpoint: SEL[1] (input port clocked by __VIRTUAL_CLK__)
Endpoint: Y[0] (output port clocked by __VIRTUAL_CLK__)
Path Group: __VIRTUAL_CLK__
Path Type: max

Fanout     Cap    Slew   Delay    Time   Description
-----------------------------------------------------------------------------
                  0.00    0.00    0.00   clock __VIRTUAL_CLK__ (rise edge)
                          0.00    0.00   clock network delay (ideal)
                          2.00    2.00 ^ input external delay
     1    0.00    0.02    0.01    2.01 ^ SEL[1] (in)
                                         SEL[1] (net)
                  0.02    0.00    2.01 ^ input10/A (sky130_fd_sc_hd__dlymetal6s2s_1)
     5    0.02    0.19    0.19    2.20 ^ input10/X (sky130_fd_sc_hd__dlymetal6s2s_1)
                                         net10 (net)
                  0.19    0.00    2.20 ^ _30_/A (sky130_fd_sc_hd__inv_2)
     5    0.01    0.06    0.09    2.29 v _30_/Y (sky130_fd_sc_hd__inv_2)
                                         _00_ (net)
                  0.06    0.00    2.29 v _31_/A (sky130_fd_sc_hd__or2_1)
     4    0.01    0.08    0.27    2.56 v _31_/X (sky130_fd_sc_hd__or2_1)
                                         _01_ (net)
                  0.08    0.00    2.56 v _33_/A1 (sky130_fd_sc_hd__mux2_1)
     1    0.00    0.06    0.31    2.87 v _33_/X (sky130_fd_sc_hd__mux2_1)
                                         _03_ (net)
                  0.06    0.00    2.87 v _34_/B1 (sky130_fd_sc_hd__o21a_1)
     1    0.00    0.04    0.11    2.99 v _34_/X (sky130_fd_sc_hd__o21a_1)
                                         net11 (net)
                  0.04    0.00    2.99 v output11/A (sky130_fd_sc_hd__buf_2)
     1    0.03    0.09    0.18    3.17 v output11/X (sky130_fd_sc_hd__buf_2)
                                         Y[0] (net)
                  0.09    0.00    3.17 v Y[0] (out)
                                  3.17   data arrival time

                  0.00   10.00   10.00   clock __VIRTUAL_CLK__ (rise edge)
                          0.00   10.00   clock network delay (ideal)
                         -0.25    9.75   clock uncertainty
                          0.00    9.75   clock reconvergence pessimism
                         -2.00    7.75   output external delay
                                  7.75   data required time
-----------------------------------------------------------------------------
                                  7.75   data required time
                                 -3.17   data arrival time
-----------------------------------------------------------------------------
                                  4.58   slack (MET)



worst slack corner Typical: 3.7172
