
===========================================================================
report_checks -path_delay max (Setup)
============================================================================
======================= Typical Corner ===================================

Startpoint: SEL[1] (input port clocked by __VIRTUAL_CLK__)
Endpoint: Y[3] (output port clocked by __VIRTUAL_CLK__)
Path Group: __VIRTUAL_CLK__
Path Type: max

Fanout     Cap    Slew   Delay    Time   Description
-----------------------------------------------------------------------------
                  0.00    0.00    0.00   clock __VIRTUAL_CLK__ (rise edge)
                          0.00    0.00   clock network delay (ideal)
                          2.00    2.00 v input external delay
     1    0.00    0.01    0.00    2.00 v SEL[1] (in)
                                         SEL[1] (net)
                  0.01    0.00    2.00 v input10/A (sky130_fd_sc_hd__dlymetal6s2s_1)
     5    0.01    0.08    0.16    2.17 v input10/X (sky130_fd_sc_hd__dlymetal6s2s_1)
                                         net10 (net)
                  0.08    0.00    2.17 v _36_/A (sky130_fd_sc_hd__or2b_1)
     4    0.01    0.07    0.27    2.44 v _36_/X (sky130_fd_sc_hd__or2b_1)
                                         _05_ (net)
                  0.07    0.00    2.44 v _37_/C (sky130_fd_sc_hd__and3_1)
     2    0.00    0.04    0.20    2.64 v _37_/X (sky130_fd_sc_hd__and3_1)
                                         _06_ (net)
                  0.04    0.00    2.64 v _40_/B (sky130_fd_sc_hd__or3_1)
     2    0.00    0.07    0.36    3.00 v _40_/X (sky130_fd_sc_hd__or3_1)
                                         _09_ (net)
                  0.07    0.00    3.00 v _46_/A2 (sky130_fd_sc_hd__a21o_1)
     2    0.01    0.05    0.21    3.21 v _46_/X (sky130_fd_sc_hd__a21o_1)
                                         _14_ (net)
                  0.05    0.00    3.21 v _56_/A1 (sky130_fd_sc_hd__a21oi_1)
     1    0.00    0.14    0.15    3.37 ^ _56_/Y (sky130_fd_sc_hd__a21oi_1)
                                         _23_ (net)
                  0.14    0.00    3.37 ^ _61_/A (sky130_fd_sc_hd__xnor2_1)
     1    0.00    0.11    0.13    3.50 ^ _61_/Y (sky130_fd_sc_hd__xnor2_1)
                                         _28_ (net)
                  0.11    0.00    3.50 ^ _63_/B1 (sky130_fd_sc_hd__o221a_1)
     1    0.00    0.05    0.19    3.69 ^ _63_/X (sky130_fd_sc_hd__o221a_1)
                                         net14 (net)
                  0.05    0.00    3.69 ^ output14/A (sky130_fd_sc_hd__buf_2)
     1    0.03    0.17    0.21    3.89 ^ output14/X (sky130_fd_sc_hd__buf_2)
                                         Y[3] (net)
                  0.17    0.00    3.89 ^ Y[3] (out)
                                  3.89   data arrival time

                  0.00   10.00   10.00   clock __VIRTUAL_CLK__ (rise edge)
                          0.00   10.00   clock network delay (ideal)
                         -0.25    9.75   clock uncertainty
                          0.00    9.75   clock reconvergence pessimism
                         -2.00    7.75   output external delay
                                  7.75   data required time
-----------------------------------------------------------------------------
                                  7.75   data required time
                                 -3.89   data arrival time
-----------------------------------------------------------------------------
                                  3.86   slack (MET)


Startpoint: SEL[1] (input port clocked by __VIRTUAL_CLK__)
Endpoint: Y[2] (output port clocked by __VIRTUAL_CLK__)
Path Group: __VIRTUAL_CLK__
Path Type: max

Fanout     Cap    Slew   Delay    Time   Description
-----------------------------------------------------------------------------
                  0.00    0.00    0.00   clock __VIRTUAL_CLK__ (rise edge)
                          0.00    0.00   clock network delay (ideal)
                          2.00    2.00 v input external delay
     1    0.00    0.01    0.00    2.00 v SEL[1] (in)
                                         SEL[1] (net)
                  0.01    0.00    2.00 v input10/A (sky130_fd_sc_hd__dlymetal6s2s_1)
     5    0.01    0.08    0.16    2.17 v input10/X (sky130_fd_sc_hd__dlymetal6s2s_1)
                                         net10 (net)
                  0.08    0.00    2.17 v _36_/A (sky130_fd_sc_hd__or2b_1)
     4    0.01    0.07    0.27    2.44 v _36_/X (sky130_fd_sc_hd__or2b_1)
                                         _05_ (net)
                  0.07    0.00    2.44 v _37_/C (sky130_fd_sc_hd__and3_1)
     2    0.00    0.04    0.20    2.64 v _37_/X (sky130_fd_sc_hd__and3_1)
                                         _06_ (net)
                  0.04    0.00    2.64 v _40_/B (sky130_fd_sc_hd__or3_1)
     2    0.00    0.07    0.36    3.00 v _40_/X (sky130_fd_sc_hd__or3_1)
                                         _09_ (net)
                  0.07    0.00    3.00 v _46_/A2 (sky130_fd_sc_hd__a21o_1)
     2    0.01    0.05    0.21    3.21 v _46_/X (sky130_fd_sc_hd__a21o_1)
                                         _14_ (net)
                  0.05    0.00    3.21 v _50_/A (sky130_fd_sc_hd__xnor2_1)
     1    0.00    0.05    0.12    3.34 v _50_/Y (sky130_fd_sc_hd__xnor2_1)
                                         _18_ (net)
                  0.05    0.00    3.34 v _51_/B (sky130_fd_sc_hd__nand2_1)
     1    0.00    0.04    0.06    3.40 ^ _51_/Y (sky130_fd_sc_hd__nand2_1)
                                         _19_ (net)
                  0.04    0.00    3.40 ^ _53_/B1 (sky130_fd_sc_hd__o211a_1)
     1    0.00    0.04    0.14    3.54 ^ _53_/X (sky130_fd_sc_hd__o211a_1)
                                         net13 (net)
                  0.04    0.00    3.54 ^ output13/A (sky130_fd_sc_hd__clkbuf_4)
     1    0.03    0.11    0.19    3.73 ^ output13/X (sky130_fd_sc_hd__clkbuf_4)
                                         Y[2] (net)
                  0.11    0.00    3.73 ^ Y[2] (out)
                                  3.73   data arrival time

                  0.00   10.00   10.00   clock __VIRTUAL_CLK__ (rise edge)
                          0.00   10.00   clock network delay (ideal)
                         -0.25    9.75   clock uncertainty
                          0.00    9.75   clock reconvergence pessimism
                         -2.00    7.75   output external delay
                                  7.75   data required time
-----------------------------------------------------------------------------
                                  7.75   data required time
                                 -3.73   data arrival time
-----------------------------------------------------------------------------
                                  4.02   slack (MET)


Startpoint: SEL[1] (input port clocked by __VIRTUAL_CLK__)
Endpoint: Y[1] (output port clocked by __VIRTUAL_CLK__)
Path Group: __VIRTUAL_CLK__
Path Type: max

Fanout     Cap    Slew   Delay    Time   Description
-----------------------------------------------------------------------------
                  0.00    0.00    0.00   clock __VIRTUAL_CLK__ (rise edge)
                          0.00    0.00   clock network delay (ideal)
                          2.00    2.00 v input external delay
     1    0.00    0.01    0.00    2.00 v SEL[1] (in)
                                         SEL[1] (net)
                  0.01    0.00    2.00 v input10/A (sky130_fd_sc_hd__dlymetal6s2s_1)
     5    0.01    0.08    0.16    2.17 v input10/X (sky130_fd_sc_hd__dlymetal6s2s_1)
                                         net10 (net)
                  0.08    0.00    2.17 v _36_/A (sky130_fd_sc_hd__or2b_1)
     4    0.01    0.07    0.27    2.44 v _36_/X (sky130_fd_sc_hd__or2b_1)
                                         _05_ (net)
                  0.07    0.00    2.44 v _37_/C (sky130_fd_sc_hd__and3_1)
     2    0.00    0.04    0.20    2.64 v _37_/X (sky130_fd_sc_hd__and3_1)
                                         _06_ (net)
                  0.04    0.00    2.64 v _40_/B (sky130_fd_sc_hd__or3_1)
     2    0.00    0.07    0.36    3.00 v _40_/X (sky130_fd_sc_hd__or3_1)
                                         _09_ (net)
                  0.07    0.00    3.00 v _41_/B (sky130_fd_sc_hd__and2b_1)
     1    0.00    0.04    0.18    3.18 v _41_/X (sky130_fd_sc_hd__and2b_1)
                                         _10_ (net)
                  0.04    0.00    3.18 v _42_/B (sky130_fd_sc_hd__xnor2_1)
     1    0.00    0.04    0.12    3.30 v _42_/Y (sky130_fd_sc_hd__xnor2_1)
                                         _11_ (net)
                  0.04    0.00    3.30 v _43_/B (sky130_fd_sc_hd__nand2_1)
     1    0.00    0.04    0.06    3.36 ^ _43_/Y (sky130_fd_sc_hd__nand2_1)
                                         _12_ (net)
                  0.04    0.00    3.36 ^ _45_/B1 (sky130_fd_sc_hd__o211a_1)
     1    0.00    0.04    0.13    3.49 ^ _45_/X (sky130_fd_sc_hd__o211a_1)
                                         net12 (net)
                  0.04    0.00    3.49 ^ output12/A (sky130_fd_sc_hd__buf_2)
     1    0.03    0.17    0.20    3.70 ^ output12/X (sky130_fd_sc_hd__buf_2)
                                         Y[1] (net)
                  0.17    0.00    3.70 ^ Y[1] (out)
                                  3.70   data arrival time

                  0.00   10.00   10.00   clock __VIRTUAL_CLK__ (rise edge)
                          0.00   10.00   clock network delay (ideal)
                         -0.25    9.75   clock uncertainty
                          0.00    9.75   clock reconvergence pessimism
                         -2.00    7.75   output external delay
                                  7.75   data required time
-----------------------------------------------------------------------------
                                  7.75   data required time
                                 -3.70   data arrival time
-----------------------------------------------------------------------------
                                  4.05   slack (MET)


Startpoint: SEL[1] (input port clocked by __VIRTUAL_CLK__)
Endpoint: Y[0] (output port clocked by __VIRTUAL_CLK__)
Path Group: __VIRTUAL_CLK__
Path Type: max

Fanout     Cap    Slew   Delay    Time   Description
-----------------------------------------------------------------------------
                  0.00    0.00    0.00   clock __VIRTUAL_CLK__ (rise edge)
                          0.00    0.00   clock network delay (ideal)
                          2.00    2.00 ^ input external delay
     1    0.00    0.02    0.01    2.01 ^ SEL[1] (in)
                                         SEL[1] (net)
                  0.02    0.00    2.01 ^ input10/A (sky130_fd_sc_hd__dlymetal6s2s_1)
     5    0.01    0.15    0.16    2.17 ^ input10/X (sky130_fd_sc_hd__dlymetal6s2s_1)
                                         net10 (net)
                  0.15    0.00    2.17 ^ _30_/A (sky130_fd_sc_hd__inv_2)
     5    0.01    0.05    0.07    2.24 v _30_/Y (sky130_fd_sc_hd__inv_2)
                                         _00_ (net)
                  0.05    0.00    2.24 v _31_/A (sky130_fd_sc_hd__or2_1)
     4    0.01    0.08    0.27    2.50 v _31_/X (sky130_fd_sc_hd__or2_1)
                                         _01_ (net)
                  0.08    0.00    2.50 v _33_/A1 (sky130_fd_sc_hd__mux2_1)
     1    0.00    0.05    0.31    2.81 v _33_/X (sky130_fd_sc_hd__mux2_1)
                                         _03_ (net)
                  0.05    0.00    2.81 v _34_/B1 (sky130_fd_sc_hd__o21a_1)
     1    0.00    0.03    0.10    2.91 v _34_/X (sky130_fd_sc_hd__o21a_1)
                                         net11 (net)
                  0.03    0.00    2.91 v output11/A (sky130_fd_sc_hd__buf_2)
     1    0.03    0.09    0.18    3.09 v output11/X (sky130_fd_sc_hd__buf_2)
                                         Y[0] (net)
                  0.09    0.00    3.09 v Y[0] (out)
                                  3.09   data arrival time

                  0.00   10.00   10.00   clock __VIRTUAL_CLK__ (rise edge)
                          0.00   10.00   clock network delay (ideal)
                         -0.25    9.75   clock uncertainty
                          0.00    9.75   clock reconvergence pessimism
                         -2.00    7.75   output external delay
                                  7.75   data required time
-----------------------------------------------------------------------------
                                  7.75   data required time
                                 -3.09   data arrival time
-----------------------------------------------------------------------------
                                  4.66   slack (MET)



worst slack corner Typical: 3.8574
