
===========================================================================
report_checks -unconstrained
===========================================================================
======================= Typical Corner ===================================

Startpoint: SEL[1] (input port clocked by __VIRTUAL_CLK__)
Endpoint: Y[3] (output port clocked by __VIRTUAL_CLK__)
Path Group: __VIRTUAL_CLK__
Path Type: max

Fanout     Cap    Slew   Delay    Time   Description
-----------------------------------------------------------------------------
                  0.00    0.00    0.00   clock __VIRTUAL_CLK__ (rise edge)
                          0.00    0.00   clock network delay (ideal)
                          2.00    2.00 v input external delay
     1    0.00    0.01    0.00    2.00 v SEL[1] (in)
                                         SEL[1] (net)
                  0.01    0.00    2.00 v input10/A (sky130_fd_sc_hd__dlymetal6s2s_1)
     5    0.01    0.08    0.16    2.17 v input10/X (sky130_fd_sc_hd__dlymetal6s2s_1)
                                         net10 (net)
                  0.08    0.00    2.17 v _36_/A (sky130_fd_sc_hd__or2b_1)
     4    0.01    0.07    0.27    2.44 v _36_/X (sky130_fd_sc_hd__or2b_1)
                                         _05_ (net)
                  0.07    0.00    2.44 v _37_/C (sky130_fd_sc_hd__and3_1)
     2    0.00    0.04    0.20    2.64 v _37_/X (sky130_fd_sc_hd__and3_1)
                                         _06_ (net)
                  0.04    0.00    2.64 v _40_/B (sky130_fd_sc_hd__or3_1)
     2    0.00    0.07    0.36    3.00 v _40_/X (sky130_fd_sc_hd__or3_1)
                                         _09_ (net)
                  0.07    0.00    3.00 v _46_/A2 (sky130_fd_sc_hd__a21o_1)
     2    0.01    0.05    0.21    3.21 v _46_/X (sky130_fd_sc_hd__a21o_1)
                                         _14_ (net)
                  0.05    0.00    3.21 v _56_/A1 (sky130_fd_sc_hd__a21oi_1)
     1    0.00    0.14    0.15    3.37 ^ _56_/Y (sky130_fd_sc_hd__a21oi_1)
                                         _23_ (net)
                  0.14    0.00    3.37 ^ _61_/A (sky130_fd_sc_hd__xnor2_1)
     1    0.00    0.11    0.13    3.50 ^ _61_/Y (sky130_fd_sc_hd__xnor2_1)
                                         _28_ (net)
                  0.11    0.00    3.50 ^ _63_/B1 (sky130_fd_sc_hd__o221a_1)
     1    0.00    0.05    0.19    3.69 ^ _63_/X (sky130_fd_sc_hd__o221a_1)
                                         net14 (net)
                  0.05    0.00    3.69 ^ output14/A (sky130_fd_sc_hd__buf_2)
     1    0.03    0.17    0.21    3.89 ^ output14/X (sky130_fd_sc_hd__buf_2)
                                         Y[3] (net)
                  0.17    0.00    3.89 ^ Y[3] (out)
                                  3.89   data arrival time

                  0.00   10.00   10.00   clock __VIRTUAL_CLK__ (rise edge)
                          0.00   10.00   clock network delay (ideal)
                         -0.25    9.75   clock uncertainty
                          0.00    9.75   clock reconvergence pessimism
                         -2.00    7.75   output external delay
                                  7.75   data required time
-----------------------------------------------------------------------------
                                  7.75   data required time
                                 -3.89   data arrival time
-----------------------------------------------------------------------------
                                  3.86   slack (MET)




===========================================================================
report_checks --slack_max -0.01
============================================================================
======================= Typical Corner ===================================

No paths found.


===========================================================================
 report_check_types -max_slew -max_cap -max_fanout -violators
============================================================================
======================= Typical Corner ===================================


max slew violations count Typical: 0
max fanout violations count Typical: 0
max cap violations count Typical: 0

===========================================================================
report_parasitic_annotation -report_unannotated
============================================================================
Found 58 unannotated drivers.
 A[0]
 A[1]
 A[2]
 A[3]
 B[0]
 B[1]
 B[2]
 B[3]
 SEL[0]
 SEL[1]
 _30_/Y
 _31_/X
 _32_/Y
 _33_/X
 _34_/X
 _35_/X
 _36_/X
 _37_/X
 _38_/Y
 _39_/X
 _40_/X
 _41_/X
 _42_/Y
 _43_/Y
 _44_/X
 _45_/X
 _46_/X
 _47_/Y
 _48_/Y
 _49_/Y
 _50_/Y
 _51_/Y
 _52_/X
 _53_/X
 _54_/X
 _55_/X
 _56_/Y
 _57_/Y
 _58_/Y
 _59_/X
 _60_/Y
 _61_/Y
 _62_/Y
 _63_/X
 input1/X
 input10/X
 input2/X
 input3/X
 input4/X
 input5/X
 input6/X
 input7/X
 input8/X
 input9/X
 output11/X
 output12/X
 output13/X
 output14/X
Found 0 partially unannotated drivers.

===========================================================================
max slew violation count 0
max fanout violation count 0
max cap violation count 0
============================================================================

===========================================================================
check_setup -verbose -unconstrained_endpoints -multiple_clock -no_clock -no_input_delay -loops -generated_clocks
===========================================================================
