
===========================================================================
 report_power
============================================================================
======================= Fastest Corner ===================================

Group                  Internal  Switching    Leakage      Total
                          Power      Power      Power      Power (Watts)
----------------------------------------------------------------
Sequential             0.00e+00   0.00e+00   0.00e+00   0.00e+00   0.0%
Combinational          1.09e-05   1.58e-05   2.54e-10   2.66e-05 100.0%
Clock                  0.00e+00   0.00e+00   1.83e-10   1.83e-10   0.0%
Macro                  0.00e+00   0.00e+00   0.00e+00   0.00e+00   0.0%
Pad                    0.00e+00   0.00e+00   0.00e+00   0.00e+00   0.0%
----------------------------------------------------------------
Total                  1.09e-05   1.58e-05   4.37e-10   2.66e-05 100.0%
                          40.8%      59.2%       0.0%

======================= Slowest Corner ===================================

Group                  Internal  Switching    Leakage      Total
                          Power      Power      Power      Power (Watts)
----------------------------------------------------------------
Sequential             0.00e+00   0.00e+00   0.00e+00   0.00e+00   0.0%
Combinational          8.08e-06   1.05e-05   2.21e-07   1.88e-05 100.0%
Clock                  0.00e+00   0.00e+00   1.83e-10   1.83e-10   0.0%
Macro                  0.00e+00   0.00e+00   0.00e+00   0.00e+00   0.0%
Pad                    0.00e+00   0.00e+00   0.00e+00   0.00e+00   0.0%
----------------------------------------------------------------
Total                  8.08e-06   1.05e-05   2.22e-07   1.88e-05 100.0%
                          43.0%      55.8%       1.2%

======================= Typical Corner ===================================

Group                  Internal  Switching    Leakage      Total
                          Power      Power      Power      Power (Watts)
----------------------------------------------------------------
Sequential             0.00e+00   0.00e+00   0.00e+00   0.00e+00   0.0%
Combinational          9.87e-06   1.34e-05   1.53e-10   2.32e-05 100.0%
Clock                  0.00e+00   0.00e+00   1.83e-10   1.83e-10   0.0%
Macro                  0.00e+00   0.00e+00   0.00e+00   0.00e+00   0.0%
Pad                    0.00e+00   0.00e+00   0.00e+00   0.00e+00   0.0%
----------------------------------------------------------------
Total                  9.87e-06   1.34e-05   3.36e-10   2.32e-05 100.0%
                          42.5%      57.5%       0.0%

