Instance,Terminal,Layer,X location,Y location,Voltage
FILLER_0_11_65,VGND,li1,36.1100,43.5200,0.000000
FILLER_0_11_57,VGND,li1,33.5800,43.5200,0.000000
FILLER_0_11_55,VGND,li1,31.0500,43.5200,0.000001
FILLER_0_11_49,VGND,li1,29.4400,43.5200,0.000001
FILLER_0_11_37,VGND,li1,25.3000,43.5200,0.000001
FILLER_0_11_29,VGND,li1,19.3200,43.5200,0.000001
FILLER_0_11_27,VGND,li1,18.1700,43.5200,0.000001
FILLER_0_11_15,VGND,li1,15.1800,43.5200,0.000001
FILLER_0_11_3,VGND,li1,9.6600,43.5200,0.000001
FILLER_0_10_57,VGND,li1,31.9700,38.0800,0.000002
FILLER_0_10_53,VGND,li1,30.8200,38.0800,0.000001
FILLER_0_10_41,VGND,li1,27.1400,38.0800,0.000001
FILLER_0_10_29,VGND,li1,21.6200,38.0800,0.000001
FILLER_0_10_27,VGND,li1,18.1700,38.0800,0.000001
FILLER_0_10_15,VGND,li1,15.1800,38.0800,0.000001
FILLER_0_10_3,VGND,li1,9.6600,38.0800,0.000001
FILLER_0_9_63,VGND,li1,34.7300,38.0800,0.000002
FILLER_0_9_57,VGND,li1,33.1200,38.0800,0.000002
FILLER_0_9_55,VGND,li1,31.0500,38.0800,0.000002
FILLER_0_9_47,VGND,li1,27.3700,38.0800,0.000001
FILLER_0_9_39,VGND,li1,25.3000,38.0800,0.000001
FILLER_0_9_27,VGND,li1,20.7000,38.0800,0.000001
FILLER_0_9_20,VGND,li1,15.6400,38.0800,0.000001
FILLER_0_9_12,VGND,li1,11.2700,38.0800,0.000001
FILLER_0_9_6,VGND,li1,9.6600,38.0800,0.000001
FILLER_0_8_67,VGND,li1,36.5700,32.6400,0.000002
FILLER_0_8_63,VGND,li1,35.4200,32.6400,0.000002
FILLER_0_8_37,VGND,li1,23.2300,32.6400,0.000002
FILLER_0_8_27,VGND,li1,18.1700,32.6400,0.000002
FILLER_0_8_9,VGND,li1,9.8900,32.6400,0.000002
FILLER_0_8_3,VGND,li1,8.2800,32.6400,0.000002
FILLER_0_7_62,VGND,li1,34.7300,32.6400,0.000002
FILLER_0_7_55,VGND,li1,31.0500,32.6400,0.000002
FILLER_0_7_36,VGND,li1,22.3100,32.6400,0.000002
FILLER_0_7_30,VGND,li1,20.7000,32.6400,0.000002
FILLER_0_7_22,VGND,li1,15.8700,32.6400,0.000002
FILLER_0_7_18,VGND,li1,14.7200,32.6400,0.000002
FILLER_0_7_6,VGND,li1,11.0400,32.6400,0.000002
FILLER_0_6_53,VGND,li1,32.6600,27.2000,0.000001
FILLER_0_6_41,VGND,li1,27.1400,27.2000,0.000001
FILLER_0_6_29,VGND,li1,21.6200,27.2000,0.000001
FILLER_0_6_27,VGND,li1,18.1700,27.2000,0.000001
FILLER_0_6_19,VGND,li1,16.1000,27.2000,0.000001
FILLER_0_6_11,VGND,li1,10.8100,27.2000,0.000001
FILLER_0_6_3,VGND,li1,8.7400,27.2000,0.000001
FILLER_0_5_63,VGND,li1,34.7300,27.2000,0.000001
FILLER_0_5_57,VGND,li1,33.1200,27.2000,0.000001
FILLER_0_5_46,VGND,li1,26.9100,27.2000,0.000001
FILLER_0_5_42,VGND,li1,25.7600,27.2000,0.000001
FILLER_0_5_38,VGND,li1,23.2300,27.2000,0.000001
FILLER_0_5_33,VGND,li1,20.9300,27.2000,0.000001
FILLER_0_5_27,VGND,li1,19.3200,27.2000,0.000001
FILLER_0_5_15,VGND,li1,15.1800,27.2000,0.000001
FILLER_0_5_3,VGND,li1,9.6600,27.2000,0.000001
FILLER_0_4_46,VGND,li1,29.4400,21.7600,0.000001
FILLER_0_4_37,VGND,li1,23.2300,21.7600,0.000001
FILLER_0_4_29,VGND,li1,19.0900,21.7600,0.000001
FILLER_0_4_27,VGND,li1,18.1700,21.7600,0.000001
FILLER_0_4_15,VGND,li1,15.1800,21.7600,0.000000
FILLER_0_4_3,VGND,li1,9.6600,21.7600,0.000000
FILLER_0_3_65,VGND,li1,36.1100,21.7600,0.000001
FILLER_0_3_57,VGND,li1,33.5800,21.7600,0.000001
FILLER_0_3_52,VGND,li1,30.3600,21.7600,0.000001
FILLER_0_3_48,VGND,li1,27.8300,21.7600,0.000001
FILLER_0_3_44,VGND,li1,26.6800,21.7600,0.000001
FILLER_0_3_32,VGND,li1,23.0000,21.7600,0.000001
FILLER_0_3_20,VGND,li1,17.4800,21.7600,0.000001
FILLER_0_3_15,VGND,li1,12.8800,21.7600,0.000000
FILLER_0_3_3,VGND,li1,9.6600,21.7600,0.000000
FILLER_0_2_63,VGND,li1,34.7300,16.3200,0.000002
FILLER_0_2_59,VGND,li1,33.5800,16.3200,0.000002
FILLER_0_2_38,VGND,li1,24.3800,16.3200,0.000002
FILLER_0_2_3,VGND,li1,8.7400,16.3200,0.000002
FILLER_0_1_57,VGND,li1,33.5800,16.3200,0.000002
FILLER_0_1_55,VGND,li1,31.0500,16.3200,0.000002
FILLER_0_1_51,VGND,li1,29.9000,16.3200,0.000002
FILLER_0_1_44,VGND,li1,25.9900,16.3200,0.000002
FILLER_0_1_36,VGND,li1,23.9200,16.3200,0.000002
FILLER_0_1_24,VGND,li1,19.3200,16.3200,0.000002
FILLER_0_1_15,VGND,li1,12.6500,16.3200,0.000002
FILLER_0_1_3,VGND,li1,9.6600,16.3200,0.000002
FILLER_0_0_65,VGND,li1,36.1100,10.8800,0.000000
FILLER_0_0_57,VGND,li1,33.5800,10.8800,0.000001
FILLER_0_0_55,VGND,li1,31.0500,10.8800,0.000001
FILLER_0_0_47,VGND,li1,28.9800,10.8800,0.000001
FILLER_0_0_35,VGND,li1,24.3800,10.8800,0.000001
FILLER_0_0_29,VGND,li1,19.3200,10.8800,0.000002
FILLER_0_0_27,VGND,li1,18.1700,10.8800,0.000002
FILLER_0_0_20,VGND,li1,15.6400,10.8800,0.000001
FILLER_0_0_15,VGND,li1,12.8800,10.8800,0.000001
FILLER_0_0_3,VGND,li1,9.6600,10.8800,0.000001
output14,VGND,li1,20.7000,10.8800,0.000002
output13,VGND,li1,21.1600,43.5200,0.000001
output12,VGND,li1,35.8800,38.0800,0.000002
output11,VGND,li1,35.8800,16.3200,0.000002
input10,VGND,li1,34.5000,21.7600,0.000001
input9,VGND,li1,36.1100,27.2000,0.000001
input8,VGND,li1,14.0300,10.8800,0.000001
input7,VGND,li1,7.5900,32.6400,0.000002
input6,VGND,li1,34.5000,38.0800,0.000002
input5,VGND,li1,35.8800,27.2000,0.000001
input4,VGND,li1,17.2500,10.8800,0.000001
input3,VGND,li1,7.5900,38.0800,0.000001
input2,VGND,li1,36.1100,32.6400,0.000002
input1,VGND,li1,36.1100,16.3200,0.000002
TAP_TAPCELL_ROW_11_37,VGND,li1,31.5100,43.2280,0.000001
TAP_TAPCELL_ROW_11_36,VGND,li1,18.6300,43.2280,0.000001
TAP_TAPCELL_ROW_10_35,VGND,li1,18.6300,38.3710,0.000001
TAP_TAPCELL_ROW_9_34,VGND,li1,31.5100,37.7880,0.000002
TAP_TAPCELL_ROW_8_33,VGND,li1,18.6300,32.9310,0.000002
TAP_TAPCELL_ROW_7_32,VGND,li1,31.5100,32.3480,0.000002
TAP_TAPCELL_ROW_6_31,VGND,li1,18.6300,27.4910,0.000001
TAP_TAPCELL_ROW_5_30,VGND,li1,31.5100,26.9080,0.000001
TAP_TAPCELL_ROW_4_29,VGND,li1,18.6300,22.0510,0.000001
TAP_TAPCELL_ROW_3_28,VGND,li1,31.5100,21.4680,0.000001
TAP_TAPCELL_ROW_2_27,VGND,li1,18.6300,16.6110,0.000002
TAP_TAPCELL_ROW_1_26,VGND,li1,31.5100,16.0280,0.000002
TAP_TAPCELL_ROW_0_25,VGND,li1,31.5100,11.1710,0.000001
TAP_TAPCELL_ROW_0_24,VGND,li1,18.6300,11.1710,0.000002
PHY_EDGE_ROW_11_Left_23,VGND,li1,6.2100,43.5200,0.000001
PHY_EDGE_ROW_10_Left_22,VGND,li1,6.2100,38.0800,0.000001
PHY_EDGE_ROW_9_Left_21,VGND,li1,6.2100,38.0800,0.000001
PHY_EDGE_ROW_8_Left_20,VGND,li1,6.2100,32.6400,0.000002
PHY_EDGE_ROW_7_Left_19,VGND,li1,6.2100,32.6400,0.000002
PHY_EDGE_ROW_6_Left_18,VGND,li1,6.2100,27.2000,0.000001
PHY_EDGE_ROW_5_Left_17,VGND,li1,6.2100,27.2000,0.000001
PHY_EDGE_ROW_4_Left_16,VGND,li1,6.2100,21.7600,0.000000
PHY_EDGE_ROW_3_Left_15,VGND,li1,6.2100,21.7600,0.000000
PHY_EDGE_ROW_2_Left_14,VGND,li1,6.2100,16.3200,0.000002
PHY_EDGE_ROW_1_Left_13,VGND,li1,6.2100,16.3200,0.000002
PHY_EDGE_ROW_0_Left_12,VGND,li1,6.2100,10.8800,0.000001
PHY_EDGE_ROW_11_Right_11,VGND,li1,37.4900,43.5200,0.000000
PHY_EDGE_ROW_10_Right_10,VGND,li1,37.4900,38.0800,0.000002
PHY_EDGE_ROW_9_Right_9,VGND,li1,37.4900,38.0800,0.000002
PHY_EDGE_ROW_8_Right_8,VGND,li1,37.4900,32.6400,0.000002
PHY_EDGE_ROW_7_Right_7,VGND,li1,37.4900,32.6400,0.000002
PHY_EDGE_ROW_6_Right_6,VGND,li1,37.4900,27.2000,0.000001
PHY_EDGE_ROW_5_Right_5,VGND,li1,37.4900,27.2000,0.000001
PHY_EDGE_ROW_4_Right_4,VGND,li1,37.4900,21.7600,0.000001
PHY_EDGE_ROW_3_Right_3,VGND,li1,37.4900,21.7600,0.000001
PHY_EDGE_ROW_2_Right_2,VGND,li1,37.4900,16.3200,0.000002
PHY_EDGE_ROW_1_Right_1,VGND,li1,37.4900,16.3200,0.000002
PHY_EDGE_ROW_0_Right_0,VGND,li1,37.4900,10.8800,0.000000
_63_,VGND,li1,20.9300,16.3200,0.000002
_62_,VGND,li1,15.8700,16.3200,0.000002
_61_,VGND,li1,13.5700,16.3200,0.000002
_60_,VGND,li1,16.7900,16.3200,0.000002
_59_,VGND,li1,20.9300,21.7600,0.000001
_58_,VGND,li1,14.0300,21.7600,0.000000
_57_,VGND,li1,11.2700,16.3200,0.000002
_56_,VGND,li1,17.0200,32.6400,0.000002
_55_,VGND,li1,14.7200,32.6400,0.000002
_54_,VGND,li1,14.0300,16.3200,0.000002
_53_,VGND,li1,20.7000,32.6400,0.000002
_52_,VGND,li1,17.7100,32.6400,0.000002
_51_,VGND,li1,17.2500,38.0800,0.000001
_50_,VGND,li1,13.1100,38.0800,0.000001
_49_,VGND,li1,11.7300,32.6400,0.000002
_48_,VGND,li1,12.6500,27.2000,0.000001
_47_,VGND,li1,22.0800,27.2000,0.000001
_46_,VGND,li1,25.3000,32.6400,0.000002
_45_,VGND,li1,28.5200,32.6400,0.000002
_44_,VGND,li1,26.4500,32.6400,0.000002
_43_,VGND,li1,33.8100,32.6400,0.000002
_42_,VGND,li1,29.2100,38.0800,0.000001
_41_,VGND,li1,31.7400,32.6400,0.000002
_40_,VGND,li1,32.8900,32.6400,0.000002
_39_,VGND,li1,29.4400,32.6400,0.000002
_38_,VGND,li1,30.3600,27.2000,0.000001
_37_,VGND,li1,28.2900,27.2000,0.000001
_36_,VGND,li1,25.3000,21.7600,0.000001
_35_,VGND,li1,31.2800,16.3200,0.000002
_34_,VGND,li1,27.6000,16.3200,0.000002
_33_,VGND,li1,27.8300,16.3200,0.000002
_32_,VGND,li1,28.7500,21.7600,0.000001
_31_,VGND,li1,23.6900,32.6400,0.000002
_30_,VGND,li1,24.1500,27.2000,0.000001
