Instance,Terminal,Layer,X location,Y location,Voltage
FILLER_0_11_65,VPWR,li1,36.1100,40.8000,1.799999
FILLER_0_11_57,VPWR,li1,33.5800,40.8000,1.799999
FILLER_0_11_55,VPWR,li1,31.0500,40.8000,1.799999
FILLER_0_11_49,VPWR,li1,29.4400,40.8000,1.799999
FILLER_0_11_37,VPWR,li1,25.3000,40.8000,1.799999
FILLER_0_11_29,VPWR,li1,19.3200,40.8000,1.799999
FILLER_0_11_27,VPWR,li1,18.1700,40.8000,1.799999
FILLER_0_11_15,VPWR,li1,15.1800,40.8000,1.799999
FILLER_0_11_3,VPWR,li1,9.6600,40.8000,1.799999
FILLER_0_10_57,VPWR,li1,31.9700,40.8000,1.799999
FILLER_0_10_53,VPWR,li1,30.8200,40.8000,1.799999
FILLER_0_10_41,VPWR,li1,27.1400,40.8000,1.799999
FILLER_0_10_29,VPWR,li1,21.6200,40.8000,1.799998
FILLER_0_10_27,VPWR,li1,18.1700,40.8000,1.799999
FILLER_0_10_15,VPWR,li1,15.1800,40.8000,1.799999
FILLER_0_10_3,VPWR,li1,9.6600,40.8000,1.799999
FILLER_0_9_63,VPWR,li1,34.7300,35.3600,1.799997
FILLER_0_9_57,VPWR,li1,33.1200,35.3600,1.799997
FILLER_0_9_55,VPWR,li1,31.0500,35.3600,1.799997
FILLER_0_9_47,VPWR,li1,27.3700,35.3600,1.799998
FILLER_0_9_39,VPWR,li1,25.3000,35.3600,1.799998
FILLER_0_9_27,VPWR,li1,20.7000,35.3600,1.799998
FILLER_0_9_20,VPWR,li1,15.6400,35.3600,1.799998
FILLER_0_9_12,VPWR,li1,11.2700,35.3600,1.799998
FILLER_0_9_6,VPWR,li1,9.6600,35.3600,1.799998
FILLER_0_8_67,VPWR,li1,36.5700,35.3600,1.799997
FILLER_0_8_63,VPWR,li1,35.4200,35.3600,1.799997
FILLER_0_8_37,VPWR,li1,23.2300,35.3600,1.799998
FILLER_0_8_27,VPWR,li1,18.1700,35.3600,1.799998
FILLER_0_8_9,VPWR,li1,9.8900,35.3600,1.799998
FILLER_0_8_3,VPWR,li1,8.2800,35.3600,1.799998
FILLER_0_7_62,VPWR,li1,34.7300,29.9200,1.799999
FILLER_0_7_55,VPWR,li1,31.0500,29.9200,1.799999
FILLER_0_7_36,VPWR,li1,22.3100,29.9200,1.799999
FILLER_0_7_30,VPWR,li1,20.7000,29.9200,1.799999
FILLER_0_7_22,VPWR,li1,15.8700,29.9200,1.799999
FILLER_0_7_18,VPWR,li1,14.7200,29.9200,1.799999
FILLER_0_7_6,VPWR,li1,11.0400,29.9200,1.799999
FILLER_0_6_53,VPWR,li1,32.6600,29.9200,1.799999
FILLER_0_6_41,VPWR,li1,27.1400,29.9200,1.799999
FILLER_0_6_29,VPWR,li1,21.6200,29.9200,1.799999
FILLER_0_6_27,VPWR,li1,18.1700,29.9200,1.799999
FILLER_0_6_19,VPWR,li1,16.1000,29.9200,1.799999
FILLER_0_6_11,VPWR,li1,10.8100,29.9200,1.799999
FILLER_0_6_3,VPWR,li1,8.7400,29.9200,1.799999
FILLER_0_5_63,VPWR,li1,34.7300,24.4800,1.799999
FILLER_0_5_57,VPWR,li1,33.1200,24.4800,1.799999
FILLER_0_5_46,VPWR,li1,26.9100,24.4800,1.799999
FILLER_0_5_42,VPWR,li1,25.7600,24.4800,1.799999
FILLER_0_5_38,VPWR,li1,23.2300,24.4800,1.799999
FILLER_0_5_33,VPWR,li1,20.9300,24.4800,1.799999
FILLER_0_5_27,VPWR,li1,19.3200,24.4800,1.799999
FILLER_0_5_15,VPWR,li1,15.1800,24.4800,1.799999
FILLER_0_5_3,VPWR,li1,9.6600,24.4800,1.800000
FILLER_0_4_46,VPWR,li1,29.4400,24.4800,1.799999
FILLER_0_4_37,VPWR,li1,23.2300,24.4800,1.799999
FILLER_0_4_29,VPWR,li1,19.0900,24.4800,1.799999
FILLER_0_4_27,VPWR,li1,18.1700,24.4800,1.799999
FILLER_0_4_15,VPWR,li1,15.1800,24.4800,1.799999
FILLER_0_4_3,VPWR,li1,9.6600,24.4800,1.800000
FILLER_0_3_65,VPWR,li1,36.1100,19.0400,1.799998
FILLER_0_3_57,VPWR,li1,33.5800,19.0400,1.799998
FILLER_0_3_52,VPWR,li1,30.3600,19.0400,1.799998
FILLER_0_3_48,VPWR,li1,27.8300,19.0400,1.799998
FILLER_0_3_44,VPWR,li1,26.6800,19.0400,1.799999
FILLER_0_3_32,VPWR,li1,23.0000,19.0400,1.799998
FILLER_0_3_20,VPWR,li1,17.4800,19.0400,1.799998
FILLER_0_3_15,VPWR,li1,12.8800,19.0400,1.799998
FILLER_0_3_3,VPWR,li1,9.6600,19.0400,1.799999
FILLER_0_2_63,VPWR,li1,34.7300,19.0400,1.799998
FILLER_0_2_59,VPWR,li1,33.5800,19.0400,1.799998
FILLER_0_2_38,VPWR,li1,24.3800,19.0400,1.799998
FILLER_0_2_3,VPWR,li1,8.7400,19.0400,1.799999
FILLER_0_1_57,VPWR,li1,33.5800,13.6000,1.799999
FILLER_0_1_55,VPWR,li1,31.0500,13.6000,1.799999
FILLER_0_1_51,VPWR,li1,29.9000,13.6000,1.799999
FILLER_0_1_44,VPWR,li1,25.9900,13.6000,1.799999
FILLER_0_1_36,VPWR,li1,23.9200,13.6000,1.799998
FILLER_0_1_24,VPWR,li1,19.3200,13.6000,1.799998
FILLER_0_1_15,VPWR,li1,12.6500,13.6000,1.799999
FILLER_0_1_3,VPWR,li1,9.6600,13.6000,1.799999
FILLER_0_0_65,VPWR,li1,36.1100,13.6000,1.799999
FILLER_0_0_57,VPWR,li1,33.5800,13.6000,1.799999
FILLER_0_0_55,VPWR,li1,31.0500,13.6000,1.799999
FILLER_0_0_47,VPWR,li1,28.9800,13.6000,1.799999
FILLER_0_0_35,VPWR,li1,24.3800,13.6000,1.799998
FILLER_0_0_29,VPWR,li1,19.3200,13.6000,1.799998
FILLER_0_0_27,VPWR,li1,18.1700,13.6000,1.799998
FILLER_0_0_20,VPWR,li1,15.6400,13.6000,1.799998
FILLER_0_0_15,VPWR,li1,12.8800,13.6000,1.799999
FILLER_0_0_3,VPWR,li1,9.6600,13.6000,1.799999
output14,VPWR,li1,20.7000,13.6000,1.799998
output13,VPWR,li1,21.1600,40.8000,1.799998
output12,VPWR,li1,35.8800,35.3600,1.799997
output11,VPWR,li1,35.8800,19.0400,1.799998
input10,VPWR,li1,34.5000,24.4800,1.799999
input9,VPWR,li1,36.1100,29.9200,1.799999
input8,VPWR,li1,14.0300,13.6000,1.799999
input7,VPWR,li1,7.5900,29.9200,1.799999
input6,VPWR,li1,34.5000,40.8000,1.799999
input5,VPWR,li1,35.8800,24.4800,1.799998
input4,VPWR,li1,17.2500,13.6000,1.799998
input3,VPWR,li1,7.5900,35.3600,1.799998
input2,VPWR,li1,36.1100,29.9200,1.799999
input1,VPWR,li1,36.1100,13.6000,1.799999
TAP_TAPCELL_ROW_11_37,VPWR,li1,31.5100,41.1060,1.799999
TAP_TAPCELL_ROW_11_36,VPWR,li1,18.6300,41.1060,1.799999
TAP_TAPCELL_ROW_10_35,VPWR,li1,18.6300,40.4930,1.799999
TAP_TAPCELL_ROW_9_34,VPWR,li1,31.5100,35.6660,1.799997
TAP_TAPCELL_ROW_8_33,VPWR,li1,18.6300,35.0530,1.799998
TAP_TAPCELL_ROW_7_32,VPWR,li1,31.5100,30.2260,1.799999
TAP_TAPCELL_ROW_6_31,VPWR,li1,18.6300,29.6130,1.799999
TAP_TAPCELL_ROW_5_30,VPWR,li1,31.5100,24.7860,1.799999
TAP_TAPCELL_ROW_4_29,VPWR,li1,18.6300,24.1730,1.799999
TAP_TAPCELL_ROW_3_28,VPWR,li1,31.5100,19.3460,1.799998
TAP_TAPCELL_ROW_2_27,VPWR,li1,18.6300,18.7330,1.799998
TAP_TAPCELL_ROW_1_26,VPWR,li1,31.5100,13.9060,1.799999
TAP_TAPCELL_ROW_0_25,VPWR,li1,31.5100,13.2930,1.799999
TAP_TAPCELL_ROW_0_24,VPWR,li1,18.6300,13.2930,1.799998
PHY_EDGE_ROW_11_Left_23,VPWR,li1,6.2100,40.8000,1.799999
PHY_EDGE_ROW_10_Left_22,VPWR,li1,6.2100,40.8000,1.799999
PHY_EDGE_ROW_9_Left_21,VPWR,li1,6.2100,35.3600,1.799998
PHY_EDGE_ROW_8_Left_20,VPWR,li1,6.2100,35.3600,1.799998
PHY_EDGE_ROW_7_Left_19,VPWR,li1,6.2100,29.9200,1.799999
PHY_EDGE_ROW_6_Left_18,VPWR,li1,6.2100,29.9200,1.799999
PHY_EDGE_ROW_5_Left_17,VPWR,li1,6.2100,24.4800,1.800000
PHY_EDGE_ROW_4_Left_16,VPWR,li1,6.2100,24.4800,1.800000
PHY_EDGE_ROW_3_Left_15,VPWR,li1,6.2100,19.0400,1.799999
PHY_EDGE_ROW_2_Left_14,VPWR,li1,6.2100,19.0400,1.799999
PHY_EDGE_ROW_1_Left_13,VPWR,li1,6.2100,13.6000,1.799999
PHY_EDGE_ROW_0_Left_12,VPWR,li1,6.2100,13.6000,1.799999
PHY_EDGE_ROW_11_Right_11,VPWR,li1,37.4900,40.8000,1.799999
PHY_EDGE_ROW_10_Right_10,VPWR,li1,37.4900,40.8000,1.799999
PHY_EDGE_ROW_9_Right_9,VPWR,li1,37.4900,35.3600,1.799997
PHY_EDGE_ROW_8_Right_8,VPWR,li1,37.4900,35.3600,1.799997
PHY_EDGE_ROW_7_Right_7,VPWR,li1,37.4900,29.9200,1.799999
PHY_EDGE_ROW_6_Right_6,VPWR,li1,37.4900,29.9200,1.799999
PHY_EDGE_ROW_5_Right_5,VPWR,li1,37.4900,24.4800,1.799998
PHY_EDGE_ROW_4_Right_4,VPWR,li1,37.4900,24.4800,1.799998
PHY_EDGE_ROW_3_Right_3,VPWR,li1,37.4900,19.0400,1.799998
PHY_EDGE_ROW_2_Right_2,VPWR,li1,37.4900,19.0400,1.799998
PHY_EDGE_ROW_1_Right_1,VPWR,li1,37.4900,13.6000,1.799999
PHY_EDGE_ROW_0_Right_0,VPWR,li1,37.4900,13.6000,1.799999
_63_,VPWR,li1,20.9300,19.0400,1.799998
_62_,VPWR,li1,15.8700,13.6000,1.799998
_61_,VPWR,li1,13.5700,19.0400,1.799998
_60_,VPWR,li1,16.7900,19.0400,1.799998
_59_,VPWR,li1,20.9300,24.4800,1.799999
_58_,VPWR,li1,14.0300,19.0400,1.799998
_57_,VPWR,li1,11.2700,19.0400,1.799998
_56_,VPWR,li1,17.0200,35.3600,1.799998
_55_,VPWR,li1,14.7200,35.3600,1.799998
_54_,VPWR,li1,14.0300,13.6000,1.799999
_53_,VPWR,li1,20.7000,35.3600,1.799998
_52_,VPWR,li1,17.7100,29.9200,1.799999
_51_,VPWR,li1,17.2500,35.3600,1.799998
_50_,VPWR,li1,13.1100,35.3600,1.799998
_49_,VPWR,li1,11.7300,35.3600,1.799998
_48_,VPWR,li1,12.6500,29.9200,1.799999
_47_,VPWR,li1,22.0800,24.4800,1.799999
_46_,VPWR,li1,25.3000,35.3600,1.799998
_45_,VPWR,li1,28.5200,35.3600,1.799998
_44_,VPWR,li1,26.4500,29.9200,1.799999
_43_,VPWR,li1,33.8100,35.3600,1.799997
_42_,VPWR,li1,29.2100,35.3600,1.799997
_41_,VPWR,li1,31.7400,35.3600,1.799997
_40_,VPWR,li1,32.8900,29.9200,1.799999
_39_,VPWR,li1,29.4400,29.9200,1.799999
_38_,VPWR,li1,30.3600,24.4800,1.799999
_37_,VPWR,li1,28.2900,24.4800,1.799999
_36_,VPWR,li1,25.3000,24.4800,1.799999
_35_,VPWR,li1,31.2800,19.0400,1.799998
_34_,VPWR,li1,27.6000,13.6000,1.799999
_33_,VPWR,li1,27.8300,19.0400,1.799998
_32_,VPWR,li1,28.7500,19.0400,1.799998
_31_,VPWR,li1,23.6900,29.9200,1.799999
_30_,VPWR,li1,24.1500,24.4800,1.799999
