
===========================================================================
report_checks -path_delay min (Hold)
============================================================================
======================= Fastest Corner ===================================

Startpoint: A[0] (input port clocked by __VIRTUAL_CLK__)
Endpoint: Y[0] (output port clocked by __VIRTUAL_CLK__)
Path Group: __VIRTUAL_CLK__
Path Type: min
Corner: Fastest

Fanout     Cap    Slew   Delay    Time   Description
-----------------------------------------------------------------------------
                  0.00    0.00    0.00   clock __VIRTUAL_CLK__ (rise edge)
                          0.00    0.00   clock network delay (ideal)
                          2.00    2.00 v input external delay
     1    0.00    0.00    0.00    2.00 v A[0] (in)
                                         A[0] (net)
                  0.00    0.00    2.00 v input1/A (sky130_fd_sc_hd__buf_1)
     3    0.01    0.04    0.06    2.06 v input1/X (sky130_fd_sc_hd__buf_1)
                                         net1 (net)
                  0.04    0.00    2.06 v _34_/A1 (sky130_fd_sc_hd__o21a_1)
     1    0.00    0.02    0.11    2.18 v _34_/X (sky130_fd_sc_hd__o21a_1)
                                         net11 (net)
                  0.02    0.00    2.18 v output11/A (sky130_fd_sc_hd__buf_2)
     1    0.03    0.06    0.11    2.28 v output11/X (sky130_fd_sc_hd__buf_2)
                                         Y[0] (net)
                  0.06    0.00    2.28 v Y[0] (out)
                                  2.28   data arrival time

                  0.00    0.00    0.00   clock __VIRTUAL_CLK__ (rise edge)
                          0.00    0.00   clock network delay (ideal)
                          0.25    0.25   clock uncertainty
                          0.00    0.25   clock reconvergence pessimism
                         -2.00   -1.75   output external delay
                                 -1.75   data required time
-----------------------------------------------------------------------------
                                 -1.75   data required time
                                 -2.28   data arrival time
-----------------------------------------------------------------------------
                                  4.03   slack (MET)


Startpoint: A[2] (input port clocked by __VIRTUAL_CLK__)
Endpoint: Y[2] (output port clocked by __VIRTUAL_CLK__)
Path Group: __VIRTUAL_CLK__
Path Type: min
Corner: Fastest

Fanout     Cap    Slew   Delay    Time   Description
-----------------------------------------------------------------------------
                  0.00    0.00    0.00   clock __VIRTUAL_CLK__ (rise edge)
                          0.00    0.00   clock network delay (ideal)
                          2.00    2.00 v input external delay
     1    0.00    0.00    0.00    2.00 v A[2] (in)
                                         A[2] (net)
                  0.00    0.00    2.00 v input3/A (sky130_fd_sc_hd__buf_1)
     4    0.01    0.06    0.08    2.08 v input3/X (sky130_fd_sc_hd__buf_1)
                                         net3 (net)
                  0.06    0.00    2.08 v _53_/A1 (sky130_fd_sc_hd__o211a_1)
     1    0.00    0.02    0.14    2.22 v _53_/X (sky130_fd_sc_hd__o211a_1)
                                         net13 (net)
                  0.02    0.00    2.22 v output13/A (sky130_fd_sc_hd__clkbuf_4)
     1    0.03    0.06    0.11    2.33 v output13/X (sky130_fd_sc_hd__clkbuf_4)
                                         Y[2] (net)
                  0.06    0.00    2.33 v Y[2] (out)
                                  2.33   data arrival time

                  0.00    0.00    0.00   clock __VIRTUAL_CLK__ (rise edge)
                          0.00    0.00   clock network delay (ideal)
                          0.25    0.25   clock uncertainty
                          0.00    0.25   clock reconvergence pessimism
                         -2.00   -1.75   output external delay
                                 -1.75   data required time
-----------------------------------------------------------------------------
                                 -1.75   data required time
                                 -2.33   data arrival time
-----------------------------------------------------------------------------
                                  4.08   slack (MET)


Startpoint: A[1] (input port clocked by __VIRTUAL_CLK__)
Endpoint: Y[1] (output port clocked by __VIRTUAL_CLK__)
Path Group: __VIRTUAL_CLK__
Path Type: min
Corner: Fastest

Fanout     Cap    Slew   Delay    Time   Description
-----------------------------------------------------------------------------
                  0.00    0.00    0.00   clock __VIRTUAL_CLK__ (rise edge)
                          0.00    0.00   clock network delay (ideal)
                          2.00    2.00 ^ input external delay
     1    0.00    0.01    0.01    2.01 ^ A[1] (in)
                                         A[1] (net)
                  0.01    0.00    2.01 ^ input2/A (sky130_fd_sc_hd__buf_1)
     3    0.01    0.08    0.08    2.08 ^ input2/X (sky130_fd_sc_hd__buf_1)
                                         net2 (net)
                  0.08    0.00    2.08 ^ _44_/B1 (sky130_fd_sc_hd__a211o_1)
     1    0.00    0.03    0.06    2.15 ^ _44_/X (sky130_fd_sc_hd__a211o_1)
                                         _13_ (net)
                  0.03    0.00    2.15 ^ _45_/C1 (sky130_fd_sc_hd__o211a_1)
     1    0.00    0.03    0.06    2.21 ^ _45_/X (sky130_fd_sc_hd__o211a_1)
                                         net12 (net)
                  0.03    0.00    2.21 ^ output12/A (sky130_fd_sc_hd__buf_2)
     1    0.03    0.13    0.13    2.34 ^ output12/X (sky130_fd_sc_hd__buf_2)
                                         Y[1] (net)
                  0.13    0.00    2.34 ^ Y[1] (out)
                                  2.34   data arrival time

                  0.00    0.00    0.00   clock __VIRTUAL_CLK__ (rise edge)
                          0.00    0.00   clock network delay (ideal)
                          0.25    0.25   clock uncertainty
                          0.00    0.25   clock reconvergence pessimism
                         -2.00   -1.75   output external delay
                                 -1.75   data required time
-----------------------------------------------------------------------------
                                 -1.75   data required time
                                 -2.34   data arrival time
-----------------------------------------------------------------------------
                                  4.09   slack (MET)


Startpoint: SEL[1] (input port clocked by __VIRTUAL_CLK__)
Endpoint: Y[3] (output port clocked by __VIRTUAL_CLK__)
Path Group: __VIRTUAL_CLK__
Path Type: min
Corner: Fastest

Fanout     Cap    Slew   Delay    Time   Description
-----------------------------------------------------------------------------
                  0.00    0.00    0.00   clock __VIRTUAL_CLK__ (rise edge)
                          0.00    0.00   clock network delay (ideal)
                          2.00    2.00 ^ input external delay
     1    0.00    0.01    0.01    2.01 ^ SEL[1] (in)
                                         SEL[1] (net)
                  0.01    0.00    2.01 ^ input10/A (sky130_fd_sc_hd__dlymetal6s2s_1)
     5    0.02    0.15    0.13    2.14 ^ input10/X (sky130_fd_sc_hd__dlymetal6s2s_1)
                                         net10 (net)
                  0.15    0.00    2.14 ^ _62_/A (sky130_fd_sc_hd__nand2_1)
     1    0.00    0.03    0.03    2.17 v _62_/Y (sky130_fd_sc_hd__nand2_1)
                                         _29_ (net)
                  0.03    0.00    2.17 v _63_/C1 (sky130_fd_sc_hd__o221a_1)
     1    0.00    0.02    0.06    2.23 v _63_/X (sky130_fd_sc_hd__o221a_1)
                                         net14 (net)
                  0.02    0.00    2.23 v output14/A (sky130_fd_sc_hd__buf_2)
     1    0.03    0.06    0.11    2.34 v output14/X (sky130_fd_sc_hd__buf_2)
                                         Y[3] (net)
                  0.06    0.00    2.34 v Y[3] (out)
                                  2.34   data arrival time

                  0.00    0.00    0.00   clock __VIRTUAL_CLK__ (rise edge)
                          0.00    0.00   clock network delay (ideal)
                          0.25    0.25   clock uncertainty
                          0.00    0.25   clock reconvergence pessimism
                         -2.00   -1.75   output external delay
                                 -1.75   data required time
-----------------------------------------------------------------------------
                                 -1.75   data required time
                                 -2.34   data arrival time
-----------------------------------------------------------------------------
                                  4.09   slack (MET)



worst slack corner Fastest: 4.0337
======================= Slowest Corner ===================================

Startpoint: A[0] (input port clocked by __VIRTUAL_CLK__)
Endpoint: Y[0] (output port clocked by __VIRTUAL_CLK__)
Path Group: __VIRTUAL_CLK__
Path Type: min
Corner: Slowest

Fanout     Cap    Slew   Delay    Time   Description
-----------------------------------------------------------------------------
                  0.00    0.00    0.00   clock __VIRTUAL_CLK__ (rise edge)
                          0.00    0.00   clock network delay (ideal)
                          2.00    2.00 ^ input external delay
     1    0.00    0.03    0.02    2.02 ^ A[0] (in)
                                         A[0] (net)
                  0.03    0.00    2.02 ^ input1/A (sky130_fd_sc_hd__buf_1)
     3    0.01    0.18    0.20    2.22 ^ input1/X (sky130_fd_sc_hd__buf_1)
                                         net1 (net)
                  0.18    0.00    2.22 ^ _34_/A1 (sky130_fd_sc_hd__o21a_1)
     1    0.00    0.08    0.27    2.48 ^ _34_/X (sky130_fd_sc_hd__o21a_1)
                                         net11 (net)
                  0.08    0.00    2.48 ^ output11/A (sky130_fd_sc_hd__buf_2)
     1    0.03    0.27    0.33    2.81 ^ output11/X (sky130_fd_sc_hd__buf_2)
                                         Y[0] (net)
                  0.27    0.00    2.81 ^ Y[0] (out)
                                  2.81   data arrival time

                  0.00    0.00    0.00   clock __VIRTUAL_CLK__ (rise edge)
                          0.00    0.00   clock network delay (ideal)
                          0.25    0.25   clock uncertainty
                          0.00    0.25   clock reconvergence pessimism
                         -2.00   -1.75   output external delay
                                 -1.75   data required time
-----------------------------------------------------------------------------
                                 -1.75   data required time
                                 -2.81   data arrival time
-----------------------------------------------------------------------------
                                  4.56   slack (MET)


Startpoint: A[2] (input port clocked by __VIRTUAL_CLK__)
Endpoint: Y[2] (output port clocked by __VIRTUAL_CLK__)
Path Group: __VIRTUAL_CLK__
Path Type: min
Corner: Slowest

Fanout     Cap    Slew   Delay    Time   Description
-----------------------------------------------------------------------------
                  0.00    0.00    0.00   clock __VIRTUAL_CLK__ (rise edge)
                          0.00    0.00   clock network delay (ideal)
                          2.00    2.00 v input external delay
     1    0.00    0.02    0.01    2.01 v A[2] (in)
                                         A[2] (net)
                  0.02    0.00    2.01 v input3/A (sky130_fd_sc_hd__buf_1)
     4    0.01    0.16    0.21    2.22 v input3/X (sky130_fd_sc_hd__buf_1)
                                         net3 (net)
                  0.16    0.00    2.22 v _53_/A1 (sky130_fd_sc_hd__o211a_1)
     1    0.00    0.06    0.42    2.64 v _53_/X (sky130_fd_sc_hd__o211a_1)
                                         net13 (net)
                  0.06    0.00    2.64 v output13/A (sky130_fd_sc_hd__clkbuf_4)
     1    0.03    0.14    0.30    2.94 v output13/X (sky130_fd_sc_hd__clkbuf_4)
                                         Y[2] (net)
                  0.14    0.00    2.94 v Y[2] (out)
                                  2.94   data arrival time

                  0.00    0.00    0.00   clock __VIRTUAL_CLK__ (rise edge)
                          0.00    0.00   clock network delay (ideal)
                          0.25    0.25   clock uncertainty
                          0.00    0.25   clock reconvergence pessimism
                         -2.00   -1.75   output external delay
                                 -1.75   data required time
-----------------------------------------------------------------------------
                                 -1.75   data required time
                                 -2.94   data arrival time
-----------------------------------------------------------------------------
                                  4.69   slack (MET)


Startpoint: A[1] (input port clocked by __VIRTUAL_CLK__)
Endpoint: Y[1] (output port clocked by __VIRTUAL_CLK__)
Path Group: __VIRTUAL_CLK__
Path Type: min
Corner: Slowest

Fanout     Cap    Slew   Delay    Time   Description
-----------------------------------------------------------------------------
                  0.00    0.00    0.00   clock __VIRTUAL_CLK__ (rise edge)
                          0.00    0.00   clock network delay (ideal)
                          2.00    2.00 ^ input external delay
     1    0.00    0.03    0.02    2.02 ^ A[1] (in)
                                         A[1] (net)
                  0.03    0.00    2.02 ^ input2/A (sky130_fd_sc_hd__buf_1)
     3    0.01    0.17    0.19    2.21 ^ input2/X (sky130_fd_sc_hd__buf_1)
                                         net2 (net)
                  0.17    0.00    2.21 ^ _44_/B1 (sky130_fd_sc_hd__a211o_1)
     1    0.00    0.06    0.20    2.41 ^ _44_/X (sky130_fd_sc_hd__a211o_1)
                                         _13_ (net)
                  0.06    0.00    2.41 ^ _45_/C1 (sky130_fd_sc_hd__o211a_1)
     1    0.00    0.07    0.26    2.66 ^ _45_/X (sky130_fd_sc_hd__o211a_1)
                                         net12 (net)
                  0.07    0.00    2.66 ^ output12/A (sky130_fd_sc_hd__buf_2)
     1    0.03    0.27    0.33    2.99 ^ output12/X (sky130_fd_sc_hd__buf_2)
                                         Y[1] (net)
                  0.27    0.00    2.99 ^ Y[1] (out)
                                  2.99   data arrival time

                  0.00    0.00    0.00   clock __VIRTUAL_CLK__ (rise edge)
                          0.00    0.00   clock network delay (ideal)
                          0.25    0.25   clock uncertainty
                          0.00    0.25   clock reconvergence pessimism
                         -2.00   -1.75   output external delay
                                 -1.75   data required time
-----------------------------------------------------------------------------
                                 -1.75   data required time
                                 -2.99   data arrival time
-----------------------------------------------------------------------------
                                  4.74   slack (MET)


Startpoint: SEL[1] (input port clocked by __VIRTUAL_CLK__)
Endpoint: Y[3] (output port clocked by __VIRTUAL_CLK__)
Path Group: __VIRTUAL_CLK__
Path Type: min
Corner: Slowest

Fanout     Cap    Slew   Delay    Time   Description
-----------------------------------------------------------------------------
                  0.00    0.00    0.00   clock __VIRTUAL_CLK__ (rise edge)
                          0.00    0.00   clock network delay (ideal)
                          2.00    2.00 ^ input external delay
     1    0.00    0.03    0.01    2.01 ^ SEL[1] (in)
                                         SEL[1] (net)
                  0.03    0.00    2.01 ^ input10/A (sky130_fd_sc_hd__dlymetal6s2s_1)
     5    0.02    0.30    0.29    2.31 ^ input10/X (sky130_fd_sc_hd__dlymetal6s2s_1)
                                         net10 (net)
                  0.30    0.00    2.31 ^ _62_/A (sky130_fd_sc_hd__nand2_1)
     1    0.00    0.08    0.17    2.48 v _62_/Y (sky130_fd_sc_hd__nand2_1)
                                         _29_ (net)
                  0.08    0.00    2.48 v _63_/C1 (sky130_fd_sc_hd__o221a_1)
     1    0.00    0.06    0.20    2.68 v _63_/X (sky130_fd_sc_hd__o221a_1)
                                         net14 (net)
                  0.06    0.00    2.68 v output14/A (sky130_fd_sc_hd__buf_2)
     1    0.03    0.17    0.32    3.01 v output14/X (sky130_fd_sc_hd__buf_2)
                                         Y[3] (net)
                  0.17    0.00    3.01 v Y[3] (out)
                                  3.01   data arrival time

                  0.00    0.00    0.00   clock __VIRTUAL_CLK__ (rise edge)
                          0.00    0.00   clock network delay (ideal)
                          0.25    0.25   clock uncertainty
                          0.00    0.25   clock reconvergence pessimism
                         -2.00   -1.75   output external delay
                                 -1.75   data required time
-----------------------------------------------------------------------------
                                 -1.75   data required time
                                 -3.01   data arrival time
-----------------------------------------------------------------------------
                                  4.76   slack (MET)



worst slack corner Slowest: 4.5627
======================= Typical Corner ===================================

Startpoint: A[0] (input port clocked by __VIRTUAL_CLK__)
Endpoint: Y[0] (output port clocked by __VIRTUAL_CLK__)
Path Group: __VIRTUAL_CLK__
Path Type: min
Corner: Typical

Fanout     Cap    Slew   Delay    Time   Description
-----------------------------------------------------------------------------
                  0.00    0.00    0.00   clock __VIRTUAL_CLK__ (rise edge)
                          0.00    0.00   clock network delay (ideal)
                          2.00    2.00 v input external delay
     1    0.00    0.01    0.00    2.00 v A[0] (in)
                                         A[0] (net)
                  0.01    0.00    2.00 v input1/A (sky130_fd_sc_hd__buf_1)
     3    0.01    0.06    0.09    2.10 v input1/X (sky130_fd_sc_hd__buf_1)
                                         net1 (net)
                  0.06    0.00    2.10 v _34_/A1 (sky130_fd_sc_hd__o21a_1)
     1    0.00    0.03    0.18    2.27 v _34_/X (sky130_fd_sc_hd__o21a_1)
                                         net11 (net)
                  0.03    0.00    2.27 v output11/A (sky130_fd_sc_hd__buf_2)
     1    0.03    0.09    0.17    2.44 v output11/X (sky130_fd_sc_hd__buf_2)
                                         Y[0] (net)
                  0.09    0.00    2.44 v Y[0] (out)
                                  2.44   data arrival time

                  0.00    0.00    0.00   clock __VIRTUAL_CLK__ (rise edge)
                          0.00    0.00   clock network delay (ideal)
                          0.25    0.25   clock uncertainty
                          0.00    0.25   clock reconvergence pessimism
                         -2.00   -1.75   output external delay
                                 -1.75   data required time
-----------------------------------------------------------------------------
                                 -1.75   data required time
                                 -2.44   data arrival time
-----------------------------------------------------------------------------
                                  4.19   slack (MET)


Startpoint: A[2] (input port clocked by __VIRTUAL_CLK__)
Endpoint: Y[2] (output port clocked by __VIRTUAL_CLK__)
Path Group: __VIRTUAL_CLK__
Path Type: min
Corner: Typical

Fanout     Cap    Slew   Delay    Time   Description
-----------------------------------------------------------------------------
                  0.00    0.00    0.00   clock __VIRTUAL_CLK__ (rise edge)
                          0.00    0.00   clock network delay (ideal)
                          2.00    2.00 v input external delay
     1    0.00    0.01    0.00    2.00 v A[2] (in)
                                         A[2] (net)
                  0.01    0.00    2.00 v input3/A (sky130_fd_sc_hd__buf_1)
     4    0.01    0.08    0.11    2.12 v input3/X (sky130_fd_sc_hd__buf_1)
                                         net3 (net)
                  0.08    0.00    2.12 v _53_/A1 (sky130_fd_sc_hd__o211a_1)
     1    0.00    0.03    0.22    2.34 v _53_/X (sky130_fd_sc_hd__o211a_1)
                                         net13 (net)
                  0.03    0.00    2.34 v output13/A (sky130_fd_sc_hd__clkbuf_4)
     1    0.03    0.08    0.17    2.50 v output13/X (sky130_fd_sc_hd__clkbuf_4)
                                         Y[2] (net)
                  0.08    0.00    2.50 v Y[2] (out)
                                  2.50   data arrival time

                  0.00    0.00    0.00   clock __VIRTUAL_CLK__ (rise edge)
                          0.00    0.00   clock network delay (ideal)
                          0.25    0.25   clock uncertainty
                          0.00    0.25   clock reconvergence pessimism
                         -2.00   -1.75   output external delay
                                 -1.75   data required time
-----------------------------------------------------------------------------
                                 -1.75   data required time
                                 -2.50   data arrival time
-----------------------------------------------------------------------------
                                  4.25   slack (MET)


Startpoint: SEL[1] (input port clocked by __VIRTUAL_CLK__)
Endpoint: Y[3] (output port clocked by __VIRTUAL_CLK__)
Path Group: __VIRTUAL_CLK__
Path Type: min
Corner: Typical

Fanout     Cap    Slew   Delay    Time   Description
-----------------------------------------------------------------------------
                  0.00    0.00    0.00   clock __VIRTUAL_CLK__ (rise edge)
                          0.00    0.00   clock network delay (ideal)
                          2.00    2.00 ^ input external delay
     1    0.00    0.02    0.01    2.01 ^ SEL[1] (in)
                                         SEL[1] (net)
                  0.02    0.00    2.01 ^ input10/A (sky130_fd_sc_hd__dlymetal6s2s_1)
     5    0.02    0.20    0.18    2.19 ^ input10/X (sky130_fd_sc_hd__dlymetal6s2s_1)
                                         net10 (net)
                  0.20    0.00    2.19 ^ _62_/A (sky130_fd_sc_hd__nand2_1)
     1    0.00    0.04    0.07    2.26 v _62_/Y (sky130_fd_sc_hd__nand2_1)
                                         _29_ (net)
                  0.04    0.00    2.26 v _63_/C1 (sky130_fd_sc_hd__o221a_1)
     1    0.00    0.03    0.10    2.36 v _63_/X (sky130_fd_sc_hd__o221a_1)
                                         net14 (net)
                  0.03    0.00    2.36 v output14/A (sky130_fd_sc_hd__buf_2)
     1    0.03    0.09    0.17    2.53 v output14/X (sky130_fd_sc_hd__buf_2)
                                         Y[3] (net)
                  0.09    0.00    2.53 v Y[3] (out)
                                  2.53   data arrival time

                  0.00    0.00    0.00   clock __VIRTUAL_CLK__ (rise edge)
                          0.00    0.00   clock network delay (ideal)
                          0.25    0.25   clock uncertainty
                          0.00    0.25   clock reconvergence pessimism
                         -2.00   -1.75   output external delay
                                 -1.75   data required time
-----------------------------------------------------------------------------
                                 -1.75   data required time
                                 -2.53   data arrival time
-----------------------------------------------------------------------------
                                  4.28   slack (MET)


Startpoint: A[1] (input port clocked by __VIRTUAL_CLK__)
Endpoint: Y[1] (output port clocked by __VIRTUAL_CLK__)
Path Group: __VIRTUAL_CLK__
Path Type: min
Corner: Typical

Fanout     Cap    Slew   Delay    Time   Description
-----------------------------------------------------------------------------
                  0.00    0.00    0.00   clock __VIRTUAL_CLK__ (rise edge)
                          0.00    0.00   clock network delay (ideal)
                          2.00    2.00 ^ input external delay
     1    0.00    0.02    0.01    2.01 ^ A[1] (in)
                                         A[1] (net)
                  0.02    0.00    2.01 ^ input2/A (sky130_fd_sc_hd__buf_1)
     3    0.01    0.10    0.11    2.12 ^ input2/X (sky130_fd_sc_hd__buf_1)
                                         net2 (net)
                  0.10    0.00    2.12 ^ _44_/B1 (sky130_fd_sc_hd__a211o_1)
     1    0.00    0.04    0.10    2.22 ^ _44_/X (sky130_fd_sc_hd__a211o_1)
                                         _13_ (net)
                  0.04    0.00    2.22 ^ _45_/C1 (sky130_fd_sc_hd__o211a_1)
     1    0.00    0.04    0.12    2.34 ^ _45_/X (sky130_fd_sc_hd__o211a_1)
                                         net12 (net)
                  0.04    0.00    2.34 ^ output12/A (sky130_fd_sc_hd__buf_2)
     1    0.03    0.17    0.19    2.53 ^ output12/X (sky130_fd_sc_hd__buf_2)
                                         Y[1] (net)
                  0.17    0.00    2.53 ^ Y[1] (out)
                                  2.53   data arrival time

                  0.00    0.00    0.00   clock __VIRTUAL_CLK__ (rise edge)
                          0.00    0.00   clock network delay (ideal)
                          0.25    0.25   clock uncertainty
                          0.00    0.25   clock reconvergence pessimism
                         -2.00   -1.75   output external delay
                                 -1.75   data required time
-----------------------------------------------------------------------------
                                 -1.75   data required time
                                 -2.53   data arrival time
-----------------------------------------------------------------------------
                                  4.28   slack (MET)



worst slack corner Typical: 4.1902
