OpenROAD b16bda7e82721d10566ff7e2b68f1ff0be9f9e38 
Features included (+) or not (-): +Charts +GPU +GUI +Python
This program is licensed under the BSD-3 license. See the LICENSE file for details.
Components of this program may be licensed under more restrictive licenses which must be honored.
define_corners Typical
read_liberty -corner Typical /home/arjun/.volare/sky130A/libs.ref/sky130_fd_sc_hd/lib/sky130_fd_sc_hd__tt_025C_1v80.lib
Using 1e-12 for capacitance...
Using 1e+03 for resistance...
Using 1e-09 for time...
Using 1e+00 for voltage...
Using 1e-03 for current...
Using 1e-09 for power...
Using 1e-06 for distance...
[INFO]: Reading ODB at '/openlane/designs/alu/runs/RUN_2025.07.10_13.13.56/tmp/placement/10-global.odb'…
Reading design constraints file at '/openlane/scripts/base.sdc'…
[INFO]: Setting output delay to: 2.0
[INFO]: Setting input delay to: 2.0
[WARNING STA-0366] port '__VIRTUAL_CLK__' not found.
[INFO]: Setting load to: 0.033442
[INFO]: Setting clock uncertainty to: 0.25
[INFO]: Setting clock transition to: 0.15
[WARNING STA-0419] transition time can not be specified for virtual clocks.
[INFO]: Setting timing derate to: 5.0 %
[INFO]: Setting RC values...
min_report

===========================================================================
report_checks -path_delay min (Hold)
============================================================================
======================= Typical Corner ===================================

Startpoint: A[0] (input port clocked by __VIRTUAL_CLK__)
Endpoint: Y[0] (output port clocked by __VIRTUAL_CLK__)
Path Group: __VIRTUAL_CLK__
Path Type: min

Fanout     Cap    Slew   Delay    Time   Description
-----------------------------------------------------------------------------
                  0.00    0.00    0.00   clock __VIRTUAL_CLK__ (rise edge)
                          0.00    0.00   clock network delay (ideal)
                          2.00    2.00 ^ input external delay
     3    0.01    0.05    0.03    2.03 ^ A[0] (in)
                                         A[0] (net)
                  0.05    0.00    2.03 ^ _34_/A1 (sky130_fd_sc_hd__o21a_2)
     1    0.03    0.18    0.23    2.26 ^ _34_/X (sky130_fd_sc_hd__o21a_2)
                                         Y[0] (net)
                  0.18    0.00    2.26 ^ Y[0] (out)
                                  2.26   data arrival time

                  0.00    0.00    0.00   clock __VIRTUAL_CLK__ (rise edge)
                          0.00    0.00   clock network delay (ideal)
                          0.25    0.25   clock uncertainty
                          0.00    0.25   clock reconvergence pessimism
                         -2.00   -1.75   output external delay
                                 -1.75   data required time
-----------------------------------------------------------------------------
                                 -1.75   data required time
                                 -2.26   data arrival time
-----------------------------------------------------------------------------
                                  4.01   slack (MET)


Startpoint: SEL[1] (input port clocked by __VIRTUAL_CLK__)
Endpoint: Y[3] (output port clocked by __VIRTUAL_CLK__)
Path Group: __VIRTUAL_CLK__
Path Type: min

Fanout     Cap    Slew   Delay    Time   Description
-----------------------------------------------------------------------------
                  0.00    0.00    0.00   clock __VIRTUAL_CLK__ (rise edge)
                          0.00    0.00   clock network delay (ideal)
                          2.00    2.00 ^ input external delay
     5    0.02    0.09    0.06    2.06 ^ SEL[1] (in)
                                         SEL[1] (net)
                  0.09    0.00    2.06 ^ _62_/A (sky130_fd_sc_hd__nand2_2)
     1    0.00    0.03    0.04    2.10 v _62_/Y (sky130_fd_sc_hd__nand2_2)
                                         _29_ (net)
                  0.03    0.00    2.10 v _63_/C1 (sky130_fd_sc_hd__o221a_2)
     1    0.03    0.10    0.18    2.28 v _63_/X (sky130_fd_sc_hd__o221a_2)
                                         Y[3] (net)
                  0.10    0.00    2.28 v Y[3] (out)
                                  2.28   data arrival time

                  0.00    0.00    0.00   clock __VIRTUAL_CLK__ (rise edge)
                          0.00    0.00   clock network delay (ideal)
                          0.25    0.25   clock uncertainty
                          0.00    0.25   clock reconvergence pessimism
                         -2.00   -1.75   output external delay
                                 -1.75   data required time
-----------------------------------------------------------------------------
                                 -1.75   data required time
                                 -2.28   data arrival time
-----------------------------------------------------------------------------
                                  4.03   slack (MET)


Startpoint: SEL[1] (input port clocked by __VIRTUAL_CLK__)
Endpoint: Y[1] (output port clocked by __VIRTUAL_CLK__)
Path Group: __VIRTUAL_CLK__
Path Type: min

Fanout     Cap    Slew   Delay    Time   Description
-----------------------------------------------------------------------------
                  0.00    0.00    0.00   clock __VIRTUAL_CLK__ (rise edge)
                          0.00    0.00   clock network delay (ideal)
                          2.00    2.00 v input external delay
     5    0.02    0.04    0.03    2.03 v SEL[1] (in)
                                         SEL[1] (net)
                  0.04    0.00    2.03 v _30_/A (sky130_fd_sc_hd__inv_2)
     5    0.02    0.08    0.08    2.11 ^ _30_/Y (sky130_fd_sc_hd__inv_2)
                                         _00_ (net)
                  0.08    0.00    2.11 ^ _43_/A (sky130_fd_sc_hd__nand2_2)
     1    0.00    0.02    0.04    2.15 v _43_/Y (sky130_fd_sc_hd__nand2_2)
                                         _12_ (net)
                  0.02    0.00    2.15 v _45_/B1 (sky130_fd_sc_hd__o211a_2)
     1    0.03    0.09    0.18    2.33 v _45_/X (sky130_fd_sc_hd__o211a_2)
                                         Y[1] (net)
                  0.09    0.00    2.33 v Y[1] (out)
                                  2.33   data arrival time

                  0.00    0.00    0.00   clock __VIRTUAL_CLK__ (rise edge)
                          0.00    0.00   clock network delay (ideal)
                          0.25    0.25   clock uncertainty
                          0.00    0.25   clock reconvergence pessimism
                         -2.00   -1.75   output external delay
                                 -1.75   data required time
-----------------------------------------------------------------------------
                                 -1.75   data required time
                                 -2.33   data arrival time
-----------------------------------------------------------------------------
                                  4.08   slack (MET)


Startpoint: SEL[1] (input port clocked by __VIRTUAL_CLK__)
Endpoint: Y[2] (output port clocked by __VIRTUAL_CLK__)
Path Group: __VIRTUAL_CLK__
Path Type: min

Fanout     Cap    Slew   Delay    Time   Description
-----------------------------------------------------------------------------
                  0.00    0.00    0.00   clock __VIRTUAL_CLK__ (rise edge)
                          0.00    0.00   clock network delay (ideal)
                          2.00    2.00 v input external delay
     5    0.02    0.04    0.03    2.03 v SEL[1] (in)
                                         SEL[1] (net)
                  0.04    0.00    2.03 v _30_/A (sky130_fd_sc_hd__inv_2)
     5    0.02    0.08    0.08    2.11 ^ _30_/Y (sky130_fd_sc_hd__inv_2)
                                         _00_ (net)
                  0.08    0.00    2.11 ^ _51_/A (sky130_fd_sc_hd__nand2_2)
     1    0.00    0.02    0.04    2.15 v _51_/Y (sky130_fd_sc_hd__nand2_2)
                                         _19_ (net)
                  0.02    0.00    2.15 v _53_/B1 (sky130_fd_sc_hd__o211a_2)
     1    0.03    0.09    0.18    2.33 v _53_/X (sky130_fd_sc_hd__o211a_2)
                                         Y[2] (net)
                  0.09    0.00    2.33 v Y[2] (out)
                                  2.33   data arrival time

                  0.00    0.00    0.00   clock __VIRTUAL_CLK__ (rise edge)
                          0.00    0.00   clock network delay (ideal)
                          0.25    0.25   clock uncertainty
                          0.00    0.25   clock reconvergence pessimism
                         -2.00   -1.75   output external delay
                                 -1.75   data required time
-----------------------------------------------------------------------------
                                 -1.75   data required time
                                 -2.33   data arrival time
-----------------------------------------------------------------------------
                                  4.08   slack (MET)



worst slack corner Typical: 4.0129
min_report_end
max_report

===========================================================================
report_checks -path_delay max (Setup)
============================================================================
======================= Typical Corner ===================================

Startpoint: SEL[0] (input port clocked by __VIRTUAL_CLK__)
Endpoint: Y[3] (output port clocked by __VIRTUAL_CLK__)
Path Group: __VIRTUAL_CLK__
Path Type: max

Fanout     Cap    Slew   Delay    Time   Description
-----------------------------------------------------------------------------
                  0.00    0.00    0.00   clock __VIRTUAL_CLK__ (rise edge)
                          0.00    0.00   clock network delay (ideal)
                          2.00    2.00 ^ input external delay
     4    0.01    0.05    0.04    2.04 ^ SEL[0] (in)
                                         SEL[0] (net)
                  0.05    0.00    2.04 ^ _36_/B_N (sky130_fd_sc_hd__or2b_2)
     4    0.01    0.08    0.35    2.39 v _36_/X (sky130_fd_sc_hd__or2b_2)
                                         _05_ (net)
                  0.08    0.00    2.39 v _37_/C (sky130_fd_sc_hd__and3_2)
     2    0.00    0.04    0.24    2.62 v _37_/X (sky130_fd_sc_hd__and3_2)
                                         _06_ (net)
                  0.04    0.00    2.62 v _40_/B (sky130_fd_sc_hd__or3_2)
     2    0.00    0.08    0.47    3.10 v _40_/X (sky130_fd_sc_hd__or3_2)
                                         _09_ (net)
                  0.08    0.00    3.10 v _46_/A2 (sky130_fd_sc_hd__a21o_2)
     2    0.01    0.06    0.27    3.36 v _46_/X (sky130_fd_sc_hd__a21o_2)
                                         _14_ (net)
                  0.06    0.00    3.36 v _56_/A1 (sky130_fd_sc_hd__a21oi_2)
     1    0.01    0.15    0.18    3.55 ^ _56_/Y (sky130_fd_sc_hd__a21oi_2)
                                         _23_ (net)
                  0.15    0.00    3.55 ^ _61_/A (sky130_fd_sc_hd__xnor2_2)
     1    0.00    0.10    0.13    3.68 ^ _61_/Y (sky130_fd_sc_hd__xnor2_2)
                                         _28_ (net)
                  0.10    0.00    3.68 ^ _63_/B1 (sky130_fd_sc_hd__o221a_2)
     1    0.03    0.20    0.34    4.01 ^ _63_/X (sky130_fd_sc_hd__o221a_2)
                                         Y[3] (net)
                  0.20    0.00    4.01 ^ Y[3] (out)
                                  4.01   data arrival time

                  0.00   10.00   10.00   clock __VIRTUAL_CLK__ (rise edge)
                          0.00   10.00   clock network delay (ideal)
                         -0.25    9.75   clock uncertainty
                          0.00    9.75   clock reconvergence pessimism
                         -2.00    7.75   output external delay
                                  7.75   data required time
-----------------------------------------------------------------------------
                                  7.75   data required time
                                 -4.01   data arrival time
-----------------------------------------------------------------------------
                                  3.74   slack (MET)


Startpoint: SEL[0] (input port clocked by __VIRTUAL_CLK__)
Endpoint: Y[2] (output port clocked by __VIRTUAL_CLK__)
Path Group: __VIRTUAL_CLK__
Path Type: max

Fanout     Cap    Slew   Delay    Time   Description
-----------------------------------------------------------------------------
                  0.00    0.00    0.00   clock __VIRTUAL_CLK__ (rise edge)
                          0.00    0.00   clock network delay (ideal)
                          2.00    2.00 ^ input external delay
     4    0.01    0.05    0.04    2.04 ^ SEL[0] (in)
                                         SEL[0] (net)
                  0.05    0.00    2.04 ^ _36_/B_N (sky130_fd_sc_hd__or2b_2)
     4    0.01    0.08    0.35    2.39 v _36_/X (sky130_fd_sc_hd__or2b_2)
                                         _05_ (net)
                  0.08    0.00    2.39 v _37_/C (sky130_fd_sc_hd__and3_2)
     2    0.00    0.04    0.24    2.62 v _37_/X (sky130_fd_sc_hd__and3_2)
                                         _06_ (net)
                  0.04    0.00    2.62 v _40_/B (sky130_fd_sc_hd__or3_2)
     2    0.00    0.08    0.47    3.10 v _40_/X (sky130_fd_sc_hd__or3_2)
                                         _09_ (net)
                  0.08    0.00    3.10 v _46_/A2 (sky130_fd_sc_hd__a21o_2)
     2    0.01    0.06    0.27    3.36 v _46_/X (sky130_fd_sc_hd__a21o_2)
                                         _14_ (net)
                  0.06    0.00    3.36 v _50_/A (sky130_fd_sc_hd__xnor2_2)
     1    0.00    0.05    0.14    3.51 v _50_/Y (sky130_fd_sc_hd__xnor2_2)
                                         _18_ (net)
                  0.05    0.00    3.51 v _51_/B (sky130_fd_sc_hd__nand2_2)
     1    0.00    0.04    0.06    3.57 ^ _51_/Y (sky130_fd_sc_hd__nand2_2)
                                         _19_ (net)
                  0.04    0.00    3.57 ^ _53_/B1 (sky130_fd_sc_hd__o211a_2)
     1    0.03    0.21    0.31    3.88 ^ _53_/X (sky130_fd_sc_hd__o211a_2)
                                         Y[2] (net)
                  0.21    0.00    3.88 ^ Y[2] (out)
                                  3.88   data arrival time

                  0.00   10.00   10.00   clock __VIRTUAL_CLK__ (rise edge)
                          0.00   10.00   clock network delay (ideal)
                         -0.25    9.75   clock uncertainty
                          0.00    9.75   clock reconvergence pessimism
                         -2.00    7.75   output external delay
                                  7.75   data required time
-----------------------------------------------------------------------------
                                  7.75   data required time
                                 -3.88   data arrival time
-----------------------------------------------------------------------------
                                  3.87   slack (MET)


Startpoint: SEL[0] (input port clocked by __VIRTUAL_CLK__)
Endpoint: Y[1] (output port clocked by __VIRTUAL_CLK__)
Path Group: __VIRTUAL_CLK__
Path Type: max

Fanout     Cap    Slew   Delay    Time   Description
-----------------------------------------------------------------------------
                  0.00    0.00    0.00   clock __VIRTUAL_CLK__ (rise edge)
                          0.00    0.00   clock network delay (ideal)
                          2.00    2.00 ^ input external delay
     4    0.01    0.05    0.04    2.04 ^ SEL[0] (in)
                                         SEL[0] (net)
                  0.05    0.00    2.04 ^ _36_/B_N (sky130_fd_sc_hd__or2b_2)
     4    0.01    0.08    0.35    2.39 v _36_/X (sky130_fd_sc_hd__or2b_2)
                                         _05_ (net)
                  0.08    0.00    2.39 v _37_/C (sky130_fd_sc_hd__and3_2)
     2    0.00    0.04    0.24    2.62 v _37_/X (sky130_fd_sc_hd__and3_2)
                                         _06_ (net)
                  0.04    0.00    2.62 v _40_/B (sky130_fd_sc_hd__or3_2)
     2    0.00    0.08    0.47    3.10 v _40_/X (sky130_fd_sc_hd__or3_2)
                                         _09_ (net)
                  0.08    0.00    3.10 v _41_/B (sky130_fd_sc_hd__and2b_2)
     1    0.01    0.05    0.23    3.33 v _41_/X (sky130_fd_sc_hd__and2b_2)
                                         _10_ (net)
                  0.05    0.00    3.33 v _42_/B (sky130_fd_sc_hd__xnor2_2)
     1    0.00    0.05    0.14    3.46 v _42_/Y (sky130_fd_sc_hd__xnor2_2)
                                         _11_ (net)
                  0.05    0.00    3.46 v _43_/B (sky130_fd_sc_hd__nand2_2)
     1    0.00    0.04    0.06    3.53 ^ _43_/Y (sky130_fd_sc_hd__nand2_2)
                                         _12_ (net)
                  0.04    0.00    3.53 ^ _45_/B1 (sky130_fd_sc_hd__o211a_2)
     1    0.03    0.20    0.31    3.83 ^ _45_/X (sky130_fd_sc_hd__o211a_2)
                                         Y[1] (net)
                  0.20    0.00    3.83 ^ Y[1] (out)
                                  3.83   data arrival time

                  0.00   10.00   10.00   clock __VIRTUAL_CLK__ (rise edge)
                          0.00   10.00   clock network delay (ideal)
                         -0.25    9.75   clock uncertainty
                          0.00    9.75   clock reconvergence pessimism
                         -2.00    7.75   output external delay
                                  7.75   data required time
-----------------------------------------------------------------------------
                                  7.75   data required time
                                 -3.83   data arrival time
-----------------------------------------------------------------------------
                                  3.92   slack (MET)


Startpoint: SEL[1] (input port clocked by __VIRTUAL_CLK__)
Endpoint: Y[0] (output port clocked by __VIRTUAL_CLK__)
Path Group: __VIRTUAL_CLK__
Path Type: max

Fanout     Cap    Slew   Delay    Time   Description
-----------------------------------------------------------------------------
                  0.00    0.00    0.00   clock __VIRTUAL_CLK__ (rise edge)
                          0.00    0.00   clock network delay (ideal)
                          2.00    2.00 ^ input external delay
     5    0.02    0.09    0.06    2.06 ^ SEL[1] (in)
                                         SEL[1] (net)
                  0.09    0.00    2.06 ^ _30_/A (sky130_fd_sc_hd__inv_2)
     5    0.02    0.05    0.07    2.13 v _30_/Y (sky130_fd_sc_hd__inv_2)
                                         _00_ (net)
                  0.05    0.00    2.13 v _31_/A (sky130_fd_sc_hd__or2_2)
     4    0.01    0.08    0.34    2.47 v _31_/X (sky130_fd_sc_hd__or2_2)
                                         _01_ (net)
                  0.08    0.00    2.47 v _33_/A1 (sky130_fd_sc_hd__mux2_2)
     1    0.00    0.05    0.28    2.75 v _33_/X (sky130_fd_sc_hd__mux2_2)
                                         _03_ (net)
                  0.05    0.00    2.75 v _34_/B1 (sky130_fd_sc_hd__o21a_2)
     1    0.03    0.10    0.19    2.95 v _34_/X (sky130_fd_sc_hd__o21a_2)
                                         Y[0] (net)
                  0.10    0.00    2.95 v Y[0] (out)
                                  2.95   data arrival time

                  0.00   10.00   10.00   clock __VIRTUAL_CLK__ (rise edge)
                          0.00   10.00   clock network delay (ideal)
                         -0.25    9.75   clock uncertainty
                          0.00    9.75   clock reconvergence pessimism
                         -2.00    7.75   output external delay
                                  7.75   data required time
-----------------------------------------------------------------------------
                                  7.75   data required time
                                 -2.95   data arrival time
-----------------------------------------------------------------------------
                                  4.80   slack (MET)



worst slack corner Typical: 3.7368
max_report_end
checks_report

===========================================================================
report_checks -unconstrained
===========================================================================
======================= Typical Corner ===================================

Startpoint: SEL[0] (input port clocked by __VIRTUAL_CLK__)
Endpoint: Y[3] (output port clocked by __VIRTUAL_CLK__)
Path Group: __VIRTUAL_CLK__
Path Type: max

Fanout     Cap    Slew   Delay    Time   Description
-----------------------------------------------------------------------------
                  0.00    0.00    0.00   clock __VIRTUAL_CLK__ (rise edge)
                          0.00    0.00   clock network delay (ideal)
                          2.00    2.00 ^ input external delay
     4    0.01    0.05    0.04    2.04 ^ SEL[0] (in)
                                         SEL[0] (net)
                  0.05    0.00    2.04 ^ _36_/B_N (sky130_fd_sc_hd__or2b_2)
     4    0.01    0.08    0.35    2.39 v _36_/X (sky130_fd_sc_hd__or2b_2)
                                         _05_ (net)
                  0.08    0.00    2.39 v _37_/C (sky130_fd_sc_hd__and3_2)
     2    0.00    0.04    0.24    2.62 v _37_/X (sky130_fd_sc_hd__and3_2)
                                         _06_ (net)
                  0.04    0.00    2.62 v _40_/B (sky130_fd_sc_hd__or3_2)
     2    0.00    0.08    0.47    3.10 v _40_/X (sky130_fd_sc_hd__or3_2)
                                         _09_ (net)
                  0.08    0.00    3.10 v _46_/A2 (sky130_fd_sc_hd__a21o_2)
     2    0.01    0.06    0.27    3.36 v _46_/X (sky130_fd_sc_hd__a21o_2)
                                         _14_ (net)
                  0.06    0.00    3.36 v _56_/A1 (sky130_fd_sc_hd__a21oi_2)
     1    0.01    0.15    0.18    3.55 ^ _56_/Y (sky130_fd_sc_hd__a21oi_2)
                                         _23_ (net)
                  0.15    0.00    3.55 ^ _61_/A (sky130_fd_sc_hd__xnor2_2)
     1    0.00    0.10    0.13    3.68 ^ _61_/Y (sky130_fd_sc_hd__xnor2_2)
                                         _28_ (net)
                  0.10    0.00    3.68 ^ _63_/B1 (sky130_fd_sc_hd__o221a_2)
     1    0.03    0.20    0.34    4.01 ^ _63_/X (sky130_fd_sc_hd__o221a_2)
                                         Y[3] (net)
                  0.20    0.00    4.01 ^ Y[3] (out)
                                  4.01   data arrival time

                  0.00   10.00   10.00   clock __VIRTUAL_CLK__ (rise edge)
                          0.00   10.00   clock network delay (ideal)
                         -0.25    9.75   clock uncertainty
                          0.00    9.75   clock reconvergence pessimism
                         -2.00    7.75   output external delay
                                  7.75   data required time
-----------------------------------------------------------------------------
                                  7.75   data required time
                                 -4.01   data arrival time
-----------------------------------------------------------------------------
                                  3.74   slack (MET)




===========================================================================
report_checks --slack_max -0.01
============================================================================
======================= Typical Corner ===================================

No paths found.


===========================================================================
 report_check_types -max_slew -max_cap -max_fanout -violators
============================================================================
======================= Typical Corner ===================================


max slew violations count Typical: 0
max fanout violations count Typical: 0
max cap violations count Typical: 0

===========================================================================
report_parasitic_annotation -report_unannotated
============================================================================
Found 0 unannotated drivers.
Found 0 partially unannotated drivers.

===========================================================================
max slew violation count 0
max fanout violation count 0
max cap violation count 0
============================================================================

===========================================================================
check_setup -verbose -unconstrained_endpoints -multiple_clock -no_clock -no_input_delay -loops -generated_clocks
===========================================================================
checks_report_end
power_report

===========================================================================
 report_power
============================================================================
======================= Typical Corner ===================================

Group                  Internal  Switching    Leakage      Total
                          Power      Power      Power      Power (Watts)
----------------------------------------------------------------
Sequential             0.00e+00   0.00e+00   0.00e+00   0.00e+00   0.0%
Combinational          1.09e-05   1.18e-05   1.34e-10   2.27e-05 100.0%
Clock                  0.00e+00   0.00e+00   7.78e-11   7.78e-11   0.0%
Macro                  0.00e+00   0.00e+00   0.00e+00   0.00e+00   0.0%
Pad                    0.00e+00   0.00e+00   0.00e+00   0.00e+00   0.0%
----------------------------------------------------------------
Total                  1.09e-05   1.18e-05   2.12e-10   2.27e-05 100.0%
                          48.1%      51.9%       0.0%

power_report_end
summary_report

===========================================================================
report_tns
============================================================================
tns 0.00

===========================================================================
report_wns
============================================================================
wns 0.00

===========================================================================
report_worst_slack -max (Setup)
============================================================================
worst slack 3.74

===========================================================================
report_worst_slack -min (Hold)
============================================================================
worst slack 4.01
summary_report_end
area_report

===========================================================================
report_design_area
============================================================================
Design area 345 u^2 32% utilization.
area_report_end
check_nonpropagated_clocks
__VIRTUAL_CLK__
check_nonpropagated_clocks_end
[WARNING] Did not save OpenROAD database!
Writing SDF to '/openlane/designs/alu/runs/RUN_2025.07.10_13.13.56/results/signoff/alu.sdf'…
