
===========================================================================
report_checks -path_delay min (Hold)
============================================================================
======================= Typical Corner ===================================

Startpoint: A[0] (input port clocked by __VIRTUAL_CLK__)
Endpoint: Y[0] (output port clocked by __VIRTUAL_CLK__)
Path Group: __VIRTUAL_CLK__
Path Type: min

Fanout     Cap    Slew   Delay    Time   Description
-----------------------------------------------------------------------------
                  0.00    0.00    0.00   clock __VIRTUAL_CLK__ (rise edge)
                          0.00    0.00   clock network delay (ideal)
                          2.00    2.00 ^ input external delay
     3    0.01    0.05    0.03    2.03 ^ A[0] (in)
                                         A[0] (net)
                  0.05    0.00    2.03 ^ _34_/A1 (sky130_fd_sc_hd__o21a_2)
     1    0.03    0.18    0.23    2.26 ^ _34_/X (sky130_fd_sc_hd__o21a_2)
                                         Y[0] (net)
                  0.18    0.00    2.26 ^ Y[0] (out)
                                  2.26   data arrival time

                  0.00    0.00    0.00   clock __VIRTUAL_CLK__ (rise edge)
                          0.00    0.00   clock network delay (ideal)
                          0.25    0.25   clock uncertainty
                          0.00    0.25   clock reconvergence pessimism
                         -2.00   -1.75   output external delay
                                 -1.75   data required time
-----------------------------------------------------------------------------
                                 -1.75   data required time
                                 -2.26   data arrival time
-----------------------------------------------------------------------------
                                  4.01   slack (MET)


Startpoint: SEL[1] (input port clocked by __VIRTUAL_CLK__)
Endpoint: Y[3] (output port clocked by __VIRTUAL_CLK__)
Path Group: __VIRTUAL_CLK__
Path Type: min

Fanout     Cap    Slew   Delay    Time   Description
-----------------------------------------------------------------------------
                  0.00    0.00    0.00   clock __VIRTUAL_CLK__ (rise edge)
                          0.00    0.00   clock network delay (ideal)
                          2.00    2.00 ^ input external delay
     5    0.02    0.09    0.06    2.06 ^ SEL[1] (in)
                                         SEL[1] (net)
                  0.09    0.00    2.06 ^ _62_/A (sky130_fd_sc_hd__nand2_2)
     1    0.00    0.03    0.04    2.10 v _62_/Y (sky130_fd_sc_hd__nand2_2)
                                         _29_ (net)
                  0.03    0.00    2.10 v _63_/C1 (sky130_fd_sc_hd__o221a_2)
     1    0.03    0.10    0.18    2.28 v _63_/X (sky130_fd_sc_hd__o221a_2)
                                         Y[3] (net)
                  0.10    0.00    2.28 v Y[3] (out)
                                  2.28   data arrival time

                  0.00    0.00    0.00   clock __VIRTUAL_CLK__ (rise edge)
                          0.00    0.00   clock network delay (ideal)
                          0.25    0.25   clock uncertainty
                          0.00    0.25   clock reconvergence pessimism
                         -2.00   -1.75   output external delay
                                 -1.75   data required time
-----------------------------------------------------------------------------
                                 -1.75   data required time
                                 -2.28   data arrival time
-----------------------------------------------------------------------------
                                  4.03   slack (MET)


Startpoint: SEL[1] (input port clocked by __VIRTUAL_CLK__)
Endpoint: Y[1] (output port clocked by __VIRTUAL_CLK__)
Path Group: __VIRTUAL_CLK__
Path Type: min

Fanout     Cap    Slew   Delay    Time   Description
-----------------------------------------------------------------------------
                  0.00    0.00    0.00   clock __VIRTUAL_CLK__ (rise edge)
                          0.00    0.00   clock network delay (ideal)
                          2.00    2.00 v input external delay
     5    0.02    0.04    0.03    2.03 v SEL[1] (in)
                                         SEL[1] (net)
                  0.04    0.00    2.03 v _30_/A (sky130_fd_sc_hd__inv_2)
     5    0.02    0.08    0.08    2.11 ^ _30_/Y (sky130_fd_sc_hd__inv_2)
                                         _00_ (net)
                  0.08    0.00    2.11 ^ _43_/A (sky130_fd_sc_hd__nand2_2)
     1    0.00    0.02    0.04    2.15 v _43_/Y (sky130_fd_sc_hd__nand2_2)
                                         _12_ (net)
                  0.02    0.00    2.15 v _45_/B1 (sky130_fd_sc_hd__o211a_2)
     1    0.03    0.09    0.18    2.33 v _45_/X (sky130_fd_sc_hd__o211a_2)
                                         Y[1] (net)
                  0.09    0.00    2.33 v Y[1] (out)
                                  2.33   data arrival time

                  0.00    0.00    0.00   clock __VIRTUAL_CLK__ (rise edge)
                          0.00    0.00   clock network delay (ideal)
                          0.25    0.25   clock uncertainty
                          0.00    0.25   clock reconvergence pessimism
                         -2.00   -1.75   output external delay
                                 -1.75   data required time
-----------------------------------------------------------------------------
                                 -1.75   data required time
                                 -2.33   data arrival time
-----------------------------------------------------------------------------
                                  4.08   slack (MET)


Startpoint: SEL[1] (input port clocked by __VIRTUAL_CLK__)
Endpoint: Y[2] (output port clocked by __VIRTUAL_CLK__)
Path Group: __VIRTUAL_CLK__
Path Type: min

Fanout     Cap    Slew   Delay    Time   Description
-----------------------------------------------------------------------------
                  0.00    0.00    0.00   clock __VIRTUAL_CLK__ (rise edge)
                          0.00    0.00   clock network delay (ideal)
                          2.00    2.00 v input external delay
     5    0.02    0.04    0.03    2.03 v SEL[1] (in)
                                         SEL[1] (net)
                  0.04    0.00    2.03 v _30_/A (sky130_fd_sc_hd__inv_2)
     5    0.02    0.08    0.08    2.11 ^ _30_/Y (sky130_fd_sc_hd__inv_2)
                                         _00_ (net)
                  0.08    0.00    2.11 ^ _51_/A (sky130_fd_sc_hd__nand2_2)
     1    0.00    0.02    0.04    2.15 v _51_/Y (sky130_fd_sc_hd__nand2_2)
                                         _19_ (net)
                  0.02    0.00    2.15 v _53_/B1 (sky130_fd_sc_hd__o211a_2)
     1    0.03    0.09    0.18    2.33 v _53_/X (sky130_fd_sc_hd__o211a_2)
                                         Y[2] (net)
                  0.09    0.00    2.33 v Y[2] (out)
                                  2.33   data arrival time

                  0.00    0.00    0.00   clock __VIRTUAL_CLK__ (rise edge)
                          0.00    0.00   clock network delay (ideal)
                          0.25    0.25   clock uncertainty
                          0.00    0.25   clock reconvergence pessimism
                         -2.00   -1.75   output external delay
                                 -1.75   data required time
-----------------------------------------------------------------------------
                                 -1.75   data required time
                                 -2.33   data arrival time
-----------------------------------------------------------------------------
                                  4.08   slack (MET)



worst slack corner Typical: 4.0129
