
===========================================================================
report_checks -path_delay min (Hold)
============================================================================
======================= Typical Corner ===================================

Startpoint: A[0] (input port clocked by __VIRTUAL_CLK__)
Endpoint: Y[0] (output port clocked by __VIRTUAL_CLK__)
Path Group: __VIRTUAL_CLK__
Path Type: min

Fanout     Cap    Slew   Delay    Time   Description
-----------------------------------------------------------------------------
                  0.00    0.00    0.00   clock __VIRTUAL_CLK__ (rise edge)
                          0.00    0.00   clock network delay (ideal)
                          2.00    2.00 ^ input external delay
     1    0.00    0.02    0.01    2.01 ^ A[0] (in)
                                         A[0] (net)
                  0.02    0.00    2.01 ^ input1/A (sky130_fd_sc_hd__buf_1)
     3    0.01    0.10    0.11    2.12 ^ input1/X (sky130_fd_sc_hd__buf_1)
                                         net1 (net)
                  0.10    0.00    2.12 ^ _34_/A1 (sky130_fd_sc_hd__o21a_1)
     1    0.00    0.04    0.12    2.24 ^ _34_/X (sky130_fd_sc_hd__o21a_1)
                                         net11 (net)
                  0.04    0.00    2.24 ^ output11/A (sky130_fd_sc_hd__buf_2)
     1    0.03    0.17    0.19    2.42 ^ output11/X (sky130_fd_sc_hd__buf_2)
                                         Y[0] (net)
                  0.17    0.00    2.42 ^ Y[0] (out)
                                  2.42   data arrival time

                  0.00    0.00    0.00   clock __VIRTUAL_CLK__ (rise edge)
                          0.00    0.00   clock network delay (ideal)
                          0.25    0.25   clock uncertainty
                          0.00    0.25   clock reconvergence pessimism
                         -2.00   -1.75   output external delay
                                 -1.75   data required time
-----------------------------------------------------------------------------
                                 -1.75   data required time
                                 -2.42   data arrival time
-----------------------------------------------------------------------------
                                  4.17   slack (MET)


Startpoint: A[2] (input port clocked by __VIRTUAL_CLK__)
Endpoint: Y[2] (output port clocked by __VIRTUAL_CLK__)
Path Group: __VIRTUAL_CLK__
Path Type: min

Fanout     Cap    Slew   Delay    Time   Description
-----------------------------------------------------------------------------
                  0.00    0.00    0.00   clock __VIRTUAL_CLK__ (rise edge)
                          0.00    0.00   clock network delay (ideal)
                          2.00    2.00 ^ input external delay
     1    0.00    0.02    0.01    2.01 ^ A[2] (in)
                                         A[2] (net)
                  0.02    0.00    2.01 ^ input3/A (sky130_fd_sc_hd__buf_1)
     4    0.01    0.16    0.14    2.15 ^ input3/X (sky130_fd_sc_hd__buf_1)
                                         net3 (net)
                  0.16    0.00    2.15 ^ _53_/A1 (sky130_fd_sc_hd__o211a_1)
     1    0.00    0.04    0.16    2.32 ^ _53_/X (sky130_fd_sc_hd__o211a_1)
                                         net13 (net)
                  0.04    0.00    2.32 ^ output13/A (sky130_fd_sc_hd__clkbuf_4)
     1    0.03    0.11    0.17    2.49 ^ output13/X (sky130_fd_sc_hd__clkbuf_4)
                                         Y[2] (net)
                  0.11    0.00    2.49 ^ Y[2] (out)
                                  2.49   data arrival time

                  0.00    0.00    0.00   clock __VIRTUAL_CLK__ (rise edge)
                          0.00    0.00   clock network delay (ideal)
                          0.25    0.25   clock uncertainty
                          0.00    0.25   clock reconvergence pessimism
                         -2.00   -1.75   output external delay
                                 -1.75   data required time
-----------------------------------------------------------------------------
                                 -1.75   data required time
                                 -2.49   data arrival time
-----------------------------------------------------------------------------
                                  4.24   slack (MET)


Startpoint: SEL[1] (input port clocked by __VIRTUAL_CLK__)
Endpoint: Y[3] (output port clocked by __VIRTUAL_CLK__)
Path Group: __VIRTUAL_CLK__
Path Type: min

Fanout     Cap    Slew   Delay    Time   Description
-----------------------------------------------------------------------------
                  0.00    0.00    0.00   clock __VIRTUAL_CLK__ (rise edge)
                          0.00    0.00   clock network delay (ideal)
                          2.00    2.00 ^ input external delay
     1    0.00    0.02    0.01    2.01 ^ SEL[1] (in)
                                         SEL[1] (net)
                  0.02    0.00    2.01 ^ input10/A (sky130_fd_sc_hd__dlymetal6s2s_1)
     5    0.02    0.17    0.16    2.17 ^ input10/X (sky130_fd_sc_hd__dlymetal6s2s_1)
                                         net10 (net)
                  0.17    0.00    2.17 ^ _62_/A (sky130_fd_sc_hd__nand2_1)
     1    0.00    0.04    0.07    2.24 v _62_/Y (sky130_fd_sc_hd__nand2_1)
                                         _29_ (net)
                  0.04    0.00    2.24 v _63_/C1 (sky130_fd_sc_hd__o221a_1)
     1    0.00    0.03    0.10    2.34 v _63_/X (sky130_fd_sc_hd__o221a_1)
                                         net14 (net)
                  0.03    0.00    2.34 v output14/A (sky130_fd_sc_hd__buf_2)
     1    0.03    0.09    0.17    2.50 v output14/X (sky130_fd_sc_hd__buf_2)
                                         Y[3] (net)
                  0.09    0.00    2.50 v Y[3] (out)
                                  2.50   data arrival time

                  0.00    0.00    0.00   clock __VIRTUAL_CLK__ (rise edge)
                          0.00    0.00   clock network delay (ideal)
                          0.25    0.25   clock uncertainty
                          0.00    0.25   clock reconvergence pessimism
                         -2.00   -1.75   output external delay
                                 -1.75   data required time
-----------------------------------------------------------------------------
                                 -1.75   data required time
                                 -2.50   data arrival time
-----------------------------------------------------------------------------
                                  4.25   slack (MET)


Startpoint: A[1] (input port clocked by __VIRTUAL_CLK__)
Endpoint: Y[1] (output port clocked by __VIRTUAL_CLK__)
Path Group: __VIRTUAL_CLK__
Path Type: min

Fanout     Cap    Slew   Delay    Time   Description
-----------------------------------------------------------------------------
                  0.00    0.00    0.00   clock __VIRTUAL_CLK__ (rise edge)
                          0.00    0.00   clock network delay (ideal)
                          2.00    2.00 ^ input external delay
     1    0.00    0.02    0.01    2.01 ^ A[1] (in)
                                         A[1] (net)
                  0.02    0.00    2.01 ^ input2/A (sky130_fd_sc_hd__buf_1)
     3    0.01    0.10    0.10    2.11 ^ input2/X (sky130_fd_sc_hd__buf_1)
                                         net2 (net)
                  0.10    0.00    2.11 ^ _44_/B1 (sky130_fd_sc_hd__a211o_1)
     1    0.00    0.04    0.10    2.21 ^ _44_/X (sky130_fd_sc_hd__a211o_1)
                                         _13_ (net)
                  0.04    0.00    2.21 ^ _45_/C1 (sky130_fd_sc_hd__o211a_1)
     1    0.00    0.04    0.12    2.33 ^ _45_/X (sky130_fd_sc_hd__o211a_1)
                                         net12 (net)
                  0.04    0.00    2.33 ^ output12/A (sky130_fd_sc_hd__buf_2)
     1    0.03    0.17    0.19    2.51 ^ output12/X (sky130_fd_sc_hd__buf_2)
                                         Y[1] (net)
                  0.17    0.00    2.51 ^ Y[1] (out)
                                  2.51   data arrival time

                  0.00    0.00    0.00   clock __VIRTUAL_CLK__ (rise edge)
                          0.00    0.00   clock network delay (ideal)
                          0.25    0.25   clock uncertainty
                          0.00    0.25   clock reconvergence pessimism
                         -2.00   -1.75   output external delay
                                 -1.75   data required time
-----------------------------------------------------------------------------
                                 -1.75   data required time
                                 -2.51   data arrival time
-----------------------------------------------------------------------------
                                  4.26   slack (MET)



worst slack corner Typical: 4.1723
