Thu Jul 10 13:13:56 +0000 2025 - Executing "{openroad -exit -no_init -python /openlane/scripts/odbpy/lefutil.py get_metal_layers -o /openlane/designs/alu/runs/RUN_2025.07.10_13.13.56/tmp/layers.list /home/arjun/.volare/sky130A/libs.ref/sky130_fd_sc_hd/techlef/sky130_fd_sc_hd__nom.tlef}"

Thu Jul 10 13:13:56 +0000 2025 - Executing "{/openlane/scripts/mergeLef.py -o /openlane/designs/alu/runs/RUN_2025.07.10_13.13.56/tmp/merged.nom.lef -i /home/arjun/.volare/sky130A/libs.ref/sky130_fd_sc_hd/techlef/sky130_fd_sc_hd__nom.tlef {/home/arjun/.volare/sky130A/libs.ref/sky130_fd_sc_hd/lef/sky130_fd_sc_hd.lef /home/arjun/.volare/sky130A/libs.ref/sky130_fd_sc_hd/lef/sky130_ef_sc_hd.lef} |& tee /dev/null}"

Thu Jul 10 13:13:57 +0000 2025 - Executing "{/openlane/scripts/mergeLef.py -o /openlane/designs/alu/runs/RUN_2025.07.10_13.13.56/tmp/merged.min.lef -i /home/arjun/.volare/sky130A/libs.ref/sky130_fd_sc_hd/techlef/sky130_fd_sc_hd__min.tlef {/home/arjun/.volare/sky130A/libs.ref/sky130_fd_sc_hd/lef/sky130_fd_sc_hd.lef /home/arjun/.volare/sky130A/libs.ref/sky130_fd_sc_hd/lef/sky130_ef_sc_hd.lef} |& tee /dev/null}"

Thu Jul 10 13:13:57 +0000 2025 - Executing "{/openlane/scripts/mergeLef.py -o /openlane/designs/alu/runs/RUN_2025.07.10_13.13.56/tmp/merged.max.lef -i /home/arjun/.volare/sky130A/libs.ref/sky130_fd_sc_hd/techlef/sky130_fd_sc_hd__max.tlef {/home/arjun/.volare/sky130A/libs.ref/sky130_fd_sc_hd/lef/sky130_fd_sc_hd.lef /home/arjun/.volare/sky130A/libs.ref/sky130_fd_sc_hd/lef/sky130_ef_sc_hd.lef} |& tee /dev/null}"

Thu Jul 10 13:13:57 +0000 2025 - Executing "{python3 /openlane/scripts/mergeLib.py --output /openlane/designs/alu/runs/RUN_2025.07.10_13.13.56/tmp/synthesis/merged.lib --name sky130A_merged /home/arjun/.volare/sky130A/libs.ref/sky130_fd_sc_hd/lib/sky130_fd_sc_hd__tt_025C_1v80.lib}"

Thu Jul 10 13:13:57 +0000 2025 - Executing "{python3 /openlane/scripts/libtrim.py --cell-file /openlane/designs/alu/runs/RUN_2025.07.10_13.13.56/tmp/synthesis/trimmed.lib.exclude.list --output /openlane/designs/alu/runs/RUN_2025.07.10_13.13.56/tmp/synthesis/trimmed.lib /openlane/designs/alu/runs/RUN_2025.07.10_13.13.56/tmp/synthesis/merged.lib}"

Thu Jul 10 13:13:57 +0000 2025 - Executing "{python3 /openlane/scripts/libtrim.py --cell-file /openlane/designs/alu/runs/RUN_2025.07.10_13.13.56/tmp/cts/cts.lib.exclude.list --output /openlane/designs/alu/runs/RUN_2025.07.10_13.13.56/tmp/cts/cts.lib /home/arjun/.volare/sky130A/libs.ref/sky130_fd_sc_hd/lib/sky130_fd_sc_hd__tt_025C_1v80.lib}"

Thu Jul 10 13:13:57 +0000 2025 - Executing "{python3 /openlane/scripts/libtrim.py --cell-file /openlane/designs/alu/runs/RUN_2025.07.10_13.13.56/tmp/cts/cts-fastest.lib.exclude.list --output /openlane/designs/alu/runs/RUN_2025.07.10_13.13.56/tmp/cts/cts-fastest.lib /home/arjun/.volare/sky130A/libs.ref/sky130_fd_sc_hd/lib/sky130_fd_sc_hd__ff_n40C_1v95.lib}"

Thu Jul 10 13:13:58 +0000 2025 - Executing "{python3 /openlane/scripts/libtrim.py --cell-file /openlane/designs/alu/runs/RUN_2025.07.10_13.13.56/tmp/cts/cts-slowest.lib.exclude.list --output /openlane/designs/alu/runs/RUN_2025.07.10_13.13.56/tmp/cts/cts-slowest.lib /home/arjun/.volare/sky130A/libs.ref/sky130_fd_sc_hd/lib/sky130_fd_sc_hd__ss_100C_1v60.lib}"

Thu Jul 10 13:13:59 +0000 2025 - Executing "{python3 /openlane/scripts/new_tracks.py -i /home/arjun/.volare/sky130A/libs.tech/openlane/sky130_fd_sc_hd/tracks.info -o /openlane/designs/alu/runs/RUN_2025.07.10_13.13.56/tmp/routing/config.tracks}"

Thu Jul 10 13:13:59 +0000 2025 - Executing "{echo {OpenLane e73fb3c57e687a0023fcd4dcfd1566ecd478362a} > /openlane/designs/alu/runs/RUN_2025.07.10_13.13.56/OPENLANE_COMMIT}"

Thu Jul 10 13:13:59 +0000 2025 - Executing "{yosys -c /openlane/scripts/yosys/blackbox.tcl}"

Thu Jul 10 13:13:59 +0000 2025 - Executing "{verilator -Wall --lint-only --Wno-DECLFILENAME --top-module alu /openlane/designs/alu/runs/RUN_2025.07.10_13.13.56/tmp/synthesis/blackbox/sky130_fd_sc_hd__blackbox.v designs/alu/src/alu.v -Wno-fatal --relative-includes |& tee /openlane/designs/alu/runs/RUN_2025.07.10_13.13.56/logs/synthesis/linter.log /dev/null}"

Thu Jul 10 13:13:59 +0000 2025 - Executing "{sed -E {s/^([[:space:]]+)pg_pin(.*)/\1pin\2\n\1    direction : "inout";/g} /home/arjun/.volare/sky130A/libs.ref/sky130_fd_sc_hd/lib/sky130_fd_sc_hd__tt_025C_1v80.lib > /openlane/designs/alu/runs/RUN_2025.07.10_13.13.56/tmp/synthesis/1-sky130_fd_sc_hd__tt_025C_1v80.no_pg.lib}"

Thu Jul 10 13:13:59 +0000 2025 - Executing "{sed -E {s/^([[:space:]]+)pg_pin(.*)/\1pin\2\n\1    direction : "inout";/g} /openlane/designs/alu/runs/RUN_2025.07.10_13.13.56/tmp/synthesis/trimmed.lib > /openlane/designs/alu/runs/RUN_2025.07.10_13.13.56/tmp/synthesis/1-trimmed.no_pg.lib}"

Thu Jul 10 13:13:59 +0000 2025 - Executing "yosys -c /openlane/scripts/yosys/synth.tcl |& tee /dev/null /openlane/designs/alu/runs/RUN_2025.07.10_13.13.56/logs/synthesis/1-synthesis.log"

Thu Jul 10 13:13:59 +0000 2025 - Executing "{yosys -c /openlane/scripts/yosys/synth.tcl |& tee /dev/null /openlane/designs/alu/runs/RUN_2025.07.10_13.13.56/logs/synthesis/1-synthesis.log}"

Thu Jul 10 13:14:00 +0000 2025 - Executing "{sed -i.bak -e {s/\(set ::env(CURRENT_NETLIST)\).*/\1 \/openlane\/designs\/alu\/runs\/RUN_2025.07.10_13.13.56\/results\/synthesis\/alu.v/} /openlane/designs/alu/runs/RUN_2025.07.10_13.13.56/config.tcl}"

Thu Jul 10 13:14:00 +0000 2025 - Executing "{sed -i.bak /defparam/d /openlane/designs/alu/runs/RUN_2025.07.10_13.13.56/results/synthesis/alu.v}"

Thu Jul 10 13:14:01 +0000 2025 - Executing "sta -exit -no_init /openlane/scripts/openroad/sta/multi_corner.tcl |& tee /dev/null /openlane/designs/alu/runs/RUN_2025.07.10_13.13.56/logs/synthesis/2-sta.log"

Thu Jul 10 13:14:01 +0000 2025 - Executing "{sta -exit -no_init /openlane/scripts/openroad/sta/multi_corner.tcl |& tee /dev/null /openlane/designs/alu/runs/RUN_2025.07.10_13.13.56/logs/synthesis/2-sta.log}"

Thu Jul 10 13:14:01 +0000 2025 - Executing "openroad -exit /openlane/scripts/openroad/floorplan.tcl |& tee /dev/null /openlane/designs/alu/runs/RUN_2025.07.10_13.13.56/logs/floorplan/3-initial_fp.log"

Thu Jul 10 13:14:02 +0000 2025 - Executing "{openroad -exit /openlane/scripts/openroad/floorplan.tcl |& tee /dev/null /openlane/designs/alu/runs/RUN_2025.07.10_13.13.56/logs/floorplan/3-initial_fp.log}"

Thu Jul 10 13:14:02 +0000 2025 - Executing "{openroad -exit -no_init -python /openlane/scripts/odbpy/snap_to_grid.py --output /openlane/designs/alu/runs/RUN_2025.07.10_13.13.56/tmp/floorplan/3-minimized_pdn.txt --input-lef /openlane/designs/alu/runs/RUN_2025.07.10_13.13.56/tmp/merged.nom.lef 4.0825 4.08 8.165 8.16}"

Thu Jul 10 13:14:03 +0000 2025 - Executing "{openroad -exit -no_init -python /openlane/scripts/odbpy/defutil.py extract_core_dims --output-data /openlane/designs/alu/runs/RUN_2025.07.10_13.13.56/tmp/dimensions.txt --input-lef /openlane/designs/alu/runs/RUN_2025.07.10_13.13.56/tmp/merged.nom.lef /openlane/designs/alu/runs/RUN_2025.07.10_13.13.56/tmp/floorplan/3-initial_fp.def}"

Thu Jul 10 13:14:04 +0000 2025 - Executing "openroad -exit /openlane/scripts/openroad/ioplacer.tcl |& tee /dev/null /openlane/designs/alu/runs/RUN_2025.07.10_13.13.56/logs/floorplan/4-io.log"

Thu Jul 10 13:14:04 +0000 2025 - Executing "{openroad -exit /openlane/scripts/openroad/ioplacer.tcl |& tee /dev/null /openlane/designs/alu/runs/RUN_2025.07.10_13.13.56/logs/floorplan/4-io.log}"

Thu Jul 10 13:14:04 +0000 2025 - Executing "openroad -exit /openlane/scripts/openroad/tapcell.tcl |& tee /dev/null /openlane/designs/alu/runs/RUN_2025.07.10_13.13.56/logs/floorplan/5-tap.log"

Thu Jul 10 13:14:04 +0000 2025 - Executing "{openroad -exit /openlane/scripts/openroad/tapcell.tcl |& tee /dev/null /openlane/designs/alu/runs/RUN_2025.07.10_13.13.56/logs/floorplan/5-tap.log}"

Thu Jul 10 13:14:05 +0000 2025 - Executing "openroad -exit /openlane/scripts/openroad/pdn.tcl |& tee /dev/null /openlane/designs/alu/runs/RUN_2025.07.10_13.13.56/logs/floorplan/6-pdn.log"

Thu Jul 10 13:14:05 +0000 2025 - Executing "{openroad -exit /openlane/scripts/openroad/pdn.tcl |& tee /dev/null /openlane/designs/alu/runs/RUN_2025.07.10_13.13.56/logs/floorplan/6-pdn.log}"

Thu Jul 10 13:14:06 +0000 2025 - Executing "openroad -exit /openlane/scripts/openroad/gpl.tcl |& tee /dev/null /openlane/designs/alu/runs/RUN_2025.07.10_13.13.56/logs/placement/6-global_skip_io.log"

Thu Jul 10 13:14:06 +0000 2025 - Executing "{openroad -exit /openlane/scripts/openroad/gpl.tcl |& tee /dev/null /openlane/designs/alu/runs/RUN_2025.07.10_13.13.56/logs/placement/6-global_skip_io.log}"

Thu Jul 10 13:14:07 +0000 2025 - Executing "{sed -i.bak -e {s/\(set ::env(CURRENT_NETLIST)\).*/\1 \/openlane\/designs\/alu\/runs\/RUN_2025.07.10_13.13.56\/tmp\/placement\/7-global_skip_io.nl.v/} /openlane/designs/alu/runs/RUN_2025.07.10_13.13.56/config.tcl}"

Thu Jul 10 13:14:07 +0000 2025 - Executing "openroad -exit /openlane/scripts/openroad/sta/multi_corner.tcl |& tee /dev/null /openlane/designs/alu/runs/RUN_2025.07.10_13.13.56/logs/placement/8-gpl_sta.log"

Thu Jul 10 13:14:07 +0000 2025 - Executing "{openroad -exit /openlane/scripts/openroad/sta/multi_corner.tcl |& tee /dev/null /openlane/designs/alu/runs/RUN_2025.07.10_13.13.56/logs/placement/8-gpl_sta.log}"

Thu Jul 10 13:14:08 +0000 2025 - Executing "openroad -exit /openlane/scripts/openroad/ioplacer.tcl |& tee /dev/null /openlane/designs/alu/runs/RUN_2025.07.10_13.13.56/logs/placement/9-io.log"

Thu Jul 10 13:14:08 +0000 2025 - Executing "{openroad -exit /openlane/scripts/openroad/ioplacer.tcl |& tee /dev/null /openlane/designs/alu/runs/RUN_2025.07.10_13.13.56/logs/placement/9-io.log}"

Thu Jul 10 13:14:08 +0000 2025 - Executing "openroad -exit /openlane/scripts/openroad/gpl.tcl |& tee /dev/null /openlane/designs/alu/runs/RUN_2025.07.10_13.13.56/logs/placement/9-global.log"

Thu Jul 10 13:14:08 +0000 2025 - Executing "{openroad -exit /openlane/scripts/openroad/gpl.tcl |& tee /dev/null /openlane/designs/alu/runs/RUN_2025.07.10_13.13.56/logs/placement/9-global.log}"

Thu Jul 10 13:14:09 +0000 2025 - Executing "{sed -i.bak -e {s/\(set ::env(CURRENT_NETLIST)\).*/\1 \/openlane\/designs\/alu\/runs\/RUN_2025.07.10_13.13.56\/tmp\/placement\/10-global.nl.v/} /openlane/designs/alu/runs/RUN_2025.07.10_13.13.56/config.tcl}"

Thu Jul 10 13:14:09 +0000 2025 - Executing "openroad -exit /openlane/scripts/openroad/sta/multi_corner.tcl |& tee /dev/null /openlane/designs/alu/runs/RUN_2025.07.10_13.13.56/logs/placement/11-gpl_sta.log"

Thu Jul 10 13:14:09 +0000 2025 - Executing "{openroad -exit /openlane/scripts/openroad/sta/multi_corner.tcl |& tee /dev/null /openlane/designs/alu/runs/RUN_2025.07.10_13.13.56/logs/placement/11-gpl_sta.log}"

Thu Jul 10 13:14:10 +0000 2025 - Executing "openroad -exit /openlane/scripts/openroad/resizer.tcl |& tee /dev/null /openlane/designs/alu/runs/RUN_2025.07.10_13.13.56/logs/placement/12-resizer.log"

Thu Jul 10 13:14:10 +0000 2025 - Executing "{openroad -exit /openlane/scripts/openroad/resizer.tcl |& tee /dev/null /openlane/designs/alu/runs/RUN_2025.07.10_13.13.56/logs/placement/12-resizer.log}"

Thu Jul 10 13:14:13 +0000 2025 - Executing "{sed -i.bak -e {s/\(set ::env(CURRENT_NETLIST)\).*/\1 \/openlane\/designs\/alu\/runs\/RUN_2025.07.10_13.13.56\/tmp\/placement\/12-resizer.nl.v/} /openlane/designs/alu/runs/RUN_2025.07.10_13.13.56/config.tcl}"

Thu Jul 10 13:14:13 +0000 2025 - Executing "openroad -exit /openlane/scripts/openroad/dpl.tcl |& tee /dev/null /openlane/designs/alu/runs/RUN_2025.07.10_13.13.56/logs/placement/13-detailed.log"

Thu Jul 10 13:14:13 +0000 2025 - Executing "{openroad -exit /openlane/scripts/openroad/dpl.tcl |& tee /dev/null /openlane/designs/alu/runs/RUN_2025.07.10_13.13.56/logs/placement/13-detailed.log}"

Thu Jul 10 13:14:13 +0000 2025 - Executing "{sed -i.bak -e {s/\(set ::env(CURRENT_NETLIST)\).*/\1 \/openlane\/designs\/alu\/runs\/RUN_2025.07.10_13.13.56\/results\/placement\/alu.nl.v/} /openlane/designs/alu/runs/RUN_2025.07.10_13.13.56/config.tcl}"

Thu Jul 10 13:14:13 +0000 2025 - Executing "openroad -exit /openlane/scripts/openroad/sta/multi_corner.tcl |& tee /dev/null /openlane/designs/alu/runs/RUN_2025.07.10_13.13.56/logs/placement/14-dpl_sta.log"

Thu Jul 10 13:14:14 +0000 2025 - Executing "{openroad -exit /openlane/scripts/openroad/sta/multi_corner.tcl |& tee /dev/null /openlane/designs/alu/runs/RUN_2025.07.10_13.13.56/logs/placement/14-dpl_sta.log}"

Thu Jul 10 13:14:14 +0000 2025 - Executing "openroad -exit /openlane/scripts/openroad/resizer_timing.tcl |& tee /dev/null /openlane/designs/alu/runs/RUN_2025.07.10_13.13.56/logs/cts/15-resizer.log"

Thu Jul 10 13:14:14 +0000 2025 - Executing "{openroad -exit /openlane/scripts/openroad/resizer_timing.tcl |& tee /dev/null /openlane/designs/alu/runs/RUN_2025.07.10_13.13.56/logs/cts/15-resizer.log}"

Thu Jul 10 13:14:16 +0000 2025 - Executing "{sed -i.bak -e {s/\(set ::env(CURRENT_NETLIST)\).*/\1 \/openlane\/designs\/alu\/runs\/RUN_2025.07.10_13.13.56\/tmp\/cts\/15-alu.resized.nl.v/} /openlane/designs/alu/runs/RUN_2025.07.10_13.13.56/config.tcl}"

Thu Jul 10 13:14:17 +0000 2025 - Executing "openroad -exit /openlane/scripts/openroad/resizer_routing_design.tcl |& tee /dev/null /openlane/designs/alu/runs/RUN_2025.07.10_13.13.56/logs/routing/16-resizer_design.log"

Thu Jul 10 13:14:17 +0000 2025 - Executing "{openroad -exit /openlane/scripts/openroad/resizer_routing_design.tcl |& tee /dev/null /openlane/designs/alu/runs/RUN_2025.07.10_13.13.56/logs/routing/16-resizer_design.log}"

Thu Jul 10 13:14:19 +0000 2025 - Executing "{sed -i.bak -e {s/\(set ::env(CURRENT_NETLIST)\).*/\1 \/openlane\/designs\/alu\/runs\/RUN_2025.07.10_13.13.56\/tmp\/16-alu.nl.v/} /openlane/designs/alu/runs/RUN_2025.07.10_13.13.56/config.tcl}"

Thu Jul 10 13:14:19 +0000 2025 - Executing "openroad -exit /openlane/scripts/openroad/sta/multi_corner.tcl |& tee /dev/null /openlane/designs/alu/runs/RUN_2025.07.10_13.13.56/logs/routing/17-rsz_design_sta.log"

Thu Jul 10 13:14:19 +0000 2025 - Executing "{openroad -exit /openlane/scripts/openroad/sta/multi_corner.tcl |& tee /dev/null /openlane/designs/alu/runs/RUN_2025.07.10_13.13.56/logs/routing/17-rsz_design_sta.log}"

Thu Jul 10 13:14:20 +0000 2025 - Executing "openroad -exit /openlane/scripts/openroad/resizer_routing_timing.tcl |& tee /dev/null /openlane/designs/alu/runs/RUN_2025.07.10_13.13.56/logs/routing/18-resizer_timing.log"

Thu Jul 10 13:14:20 +0000 2025 - Executing "{openroad -exit /openlane/scripts/openroad/resizer_routing_timing.tcl |& tee /dev/null /openlane/designs/alu/runs/RUN_2025.07.10_13.13.56/logs/routing/18-resizer_timing.log}"

Thu Jul 10 13:14:22 +0000 2025 - Executing "{sed -i.bak -e {s/\(set ::env(CURRENT_NETLIST)\).*/\1 \/openlane\/designs\/alu\/runs\/RUN_2025.07.10_13.13.56\/tmp\/18-alu.nl.v/} /openlane/designs/alu/runs/RUN_2025.07.10_13.13.56/config.tcl}"

Thu Jul 10 13:14:22 +0000 2025 - Executing "openroad -exit /openlane/scripts/openroad/sta/multi_corner.tcl |& tee /dev/null /openlane/designs/alu/runs/RUN_2025.07.10_13.13.56/logs/routing/19-rsz_timing_sta.log"

Thu Jul 10 13:14:22 +0000 2025 - Executing "{openroad -exit /openlane/scripts/openroad/sta/multi_corner.tcl |& tee /dev/null /openlane/designs/alu/runs/RUN_2025.07.10_13.13.56/logs/routing/19-rsz_timing_sta.log}"

Thu Jul 10 13:14:23 +0000 2025 - Executing "openroad -exit /openlane/scripts/openroad/repair_antennas.tcl |& tee /dev/null /openlane/designs/alu/runs/RUN_2025.07.10_13.13.56/logs/routing/20-global.log"

Thu Jul 10 13:14:23 +0000 2025 - Executing "{openroad -exit /openlane/scripts/openroad/repair_antennas.tcl |& tee /dev/null /openlane/designs/alu/runs/RUN_2025.07.10_13.13.56/logs/routing/20-global.log}"

Thu Jul 10 13:14:24 +0000 2025 - Executing "openroad -exit /openlane/scripts/openroad/write_views.tcl |& tee /dev/null /openlane/designs/alu/runs/RUN_2025.07.10_13.13.56/logs/routing/20-global_write_netlist.log"

Thu Jul 10 13:14:24 +0000 2025 - Executing "{openroad -exit /openlane/scripts/openroad/write_views.tcl |& tee /dev/null /openlane/designs/alu/runs/RUN_2025.07.10_13.13.56/logs/routing/20-global_write_netlist.log}"

Thu Jul 10 13:14:25 +0000 2025 - Executing "{sed -i.bak -e {s/\(set ::env(CURRENT_NETLIST)\).*/\1 \/openlane\/designs\/alu\/runs\/RUN_2025.07.10_13.13.56\/tmp\/routing\/global.nl.v/} /openlane/designs/alu/runs/RUN_2025.07.10_13.13.56/config.tcl}"

Thu Jul 10 13:14:25 +0000 2025 - Executing "openroad -exit /openlane/scripts/openroad/sta/multi_corner.tcl |& tee /dev/null /openlane/designs/alu/runs/RUN_2025.07.10_13.13.56/logs/routing/22-grt_sta.log"

Thu Jul 10 13:14:25 +0000 2025 - Executing "{openroad -exit /openlane/scripts/openroad/sta/multi_corner.tcl |& tee /dev/null /openlane/designs/alu/runs/RUN_2025.07.10_13.13.56/logs/routing/22-grt_sta.log}"

Thu Jul 10 13:14:26 +0000 2025 - Executing "openroad -exit /openlane/scripts/openroad/fill.tcl |& tee /dev/null /openlane/designs/alu/runs/RUN_2025.07.10_13.13.56/logs/routing/23-fill.log"

Thu Jul 10 13:14:26 +0000 2025 - Executing "{openroad -exit /openlane/scripts/openroad/fill.tcl |& tee /dev/null /openlane/designs/alu/runs/RUN_2025.07.10_13.13.56/logs/routing/23-fill.log}"

Thu Jul 10 13:14:26 +0000 2025 - Executing "{sed -i.bak -e {s/\(set ::env(CURRENT_NETLIST)\).*/\1 \/openlane\/designs\/alu\/runs\/RUN_2025.07.10_13.13.56\/tmp\/routing\/23-fill.nl.v/} /openlane/designs/alu/runs/RUN_2025.07.10_13.13.56/config.tcl}"

Thu Jul 10 13:14:26 +0000 2025 - Executing "openroad -exit -metrics /openlane/designs/alu/runs/RUN_2025.07.10_13.13.56/reports/routing/24-drt_metrics.json /openlane/scripts/openroad/droute.tcl |& tee /dev/null /openlane/designs/alu/runs/RUN_2025.07.10_13.13.56/logs/routing/24-detailed.log"

Thu Jul 10 13:14:27 +0000 2025 - Executing "{openroad -exit -metrics /openlane/designs/alu/runs/RUN_2025.07.10_13.13.56/reports/routing/24-drt_metrics.json /openlane/scripts/openroad/droute.tcl |& tee /dev/null /openlane/designs/alu/runs/RUN_2025.07.10_13.13.56/logs/routing/24-detailed.log}"

Thu Jul 10 13:14:32 +0000 2025 - Executing "{sed -i.bak -e {s/\(set ::env(CURRENT_NETLIST)\).*/\1 \/openlane\/designs\/alu\/runs\/RUN_2025.07.10_13.13.56\/results\/routing\/alu.nl.v/} /openlane/designs/alu/runs/RUN_2025.07.10_13.13.56/config.tcl}"

Thu Jul 10 13:14:32 +0000 2025 - Executing "{python3 /openlane/scripts/drc_rosetta.py tr to_klayout -o /openlane/designs/alu/runs/RUN_2025.07.10_13.13.56/reports/routing/drt.klayout.xml --design-name alu /openlane/designs/alu/runs/RUN_2025.07.10_13.13.56/reports/routing/drt.drc}"

Thu Jul 10 13:14:32 +0000 2025 - Executing "{openroad -exit -no_init -python /openlane/scripts/odbpy/wire_lengths.py --report-out /openlane/designs/alu/runs/RUN_2025.07.10_13.13.56/reports/routing/25-wire_lengths.csv --input-lef /openlane/designs/alu/runs/RUN_2025.07.10_13.13.56/tmp/merged.nom.lef --output-def /openlane/designs/alu/runs/RUN_2025.07.10_13.13.56/results/routing/alu.def --output /openlane/designs/alu/runs/RUN_2025.07.10_13.13.56/results/routing/alu.odb /openlane/designs/alu/runs/RUN_2025.07.10_13.13.56/results/routing/alu.odb |& tee /dev/null /openlane/designs/alu/runs/RUN_2025.07.10_13.13.56/logs/routing/25-wire_lengths.log}"

Thu Jul 10 13:14:33 +0000 2025 - Executing "openroad -exit /openlane/scripts/openroad/rcx.tcl |& tee /dev/null /openlane/designs/alu/runs/RUN_2025.07.10_13.13.56/logs/signoff/26-parasitics_extraction.min.log"

Thu Jul 10 13:14:33 +0000 2025 - Executing "{openroad -exit /openlane/scripts/openroad/rcx.tcl |& tee /dev/null /openlane/designs/alu/runs/RUN_2025.07.10_13.13.56/logs/signoff/26-parasitics_extraction.min.log}"

Thu Jul 10 13:14:34 +0000 2025 - Executing "sta -exit -no_init /openlane/scripts/openroad/sta/multi_corner.tcl |& tee /dev/null /openlane/designs/alu/runs/RUN_2025.07.10_13.13.56/logs/signoff/27-rcx_mcsta.min.log"

Thu Jul 10 13:14:34 +0000 2025 - Executing "{sta -exit -no_init /openlane/scripts/openroad/sta/multi_corner.tcl |& tee /dev/null /openlane/designs/alu/runs/RUN_2025.07.10_13.13.56/logs/signoff/27-rcx_mcsta.min.log}"

Thu Jul 10 13:14:36 +0000 2025 - Executing "openroad -exit /openlane/scripts/openroad/rcx.tcl |& tee /dev/null /openlane/designs/alu/runs/RUN_2025.07.10_13.13.56/logs/signoff/28-parasitics_extraction.max.log"

Thu Jul 10 13:14:36 +0000 2025 - Executing "{openroad -exit /openlane/scripts/openroad/rcx.tcl |& tee /dev/null /openlane/designs/alu/runs/RUN_2025.07.10_13.13.56/logs/signoff/28-parasitics_extraction.max.log}"

Thu Jul 10 13:14:37 +0000 2025 - Executing "sta -exit -no_init /openlane/scripts/openroad/sta/multi_corner.tcl |& tee /dev/null /openlane/designs/alu/runs/RUN_2025.07.10_13.13.56/logs/signoff/29-rcx_mcsta.max.log"

Thu Jul 10 13:14:37 +0000 2025 - Executing "{sta -exit -no_init /openlane/scripts/openroad/sta/multi_corner.tcl |& tee /dev/null /openlane/designs/alu/runs/RUN_2025.07.10_13.13.56/logs/signoff/29-rcx_mcsta.max.log}"

Thu Jul 10 13:14:39 +0000 2025 - Executing "openroad -exit /openlane/scripts/openroad/rcx.tcl |& tee /dev/null /openlane/designs/alu/runs/RUN_2025.07.10_13.13.56/logs/signoff/30-parasitics_extraction.nom.log"

Thu Jul 10 13:14:39 +0000 2025 - Executing "{openroad -exit /openlane/scripts/openroad/rcx.tcl |& tee /dev/null /openlane/designs/alu/runs/RUN_2025.07.10_13.13.56/logs/signoff/30-parasitics_extraction.nom.log}"

Thu Jul 10 13:14:40 +0000 2025 - Executing "sta -exit -no_init /openlane/scripts/openroad/sta/multi_corner.tcl |& tee /dev/null /openlane/designs/alu/runs/RUN_2025.07.10_13.13.56/logs/signoff/31-rcx_mcsta.nom.log"

Thu Jul 10 13:14:40 +0000 2025 - Executing "{sta -exit -no_init /openlane/scripts/openroad/sta/multi_corner.tcl |& tee /dev/null /openlane/designs/alu/runs/RUN_2025.07.10_13.13.56/logs/signoff/31-rcx_mcsta.nom.log}"

Thu Jul 10 13:14:42 +0000 2025 - Executing "openroad -exit /openlane/scripts/openroad/irdrop.tcl |& tee /dev/null /openlane/designs/alu/runs/RUN_2025.07.10_13.13.56/logs/signoff/32-irdrop.log"

Thu Jul 10 13:14:42 +0000 2025 - Executing "{openroad -exit /openlane/scripts/openroad/irdrop.tcl |& tee /dev/null /openlane/designs/alu/runs/RUN_2025.07.10_13.13.56/logs/signoff/32-irdrop.log}"

Thu Jul 10 13:14:44 +0000 2025 - Executing "magic -noconsole -dnull -rcfile /home/arjun/.volare/sky130A/libs.tech/magic/sky130A.magicrc < /openlane/scripts/magic/wrapper.tcl |& tee /dev/null /openlane/designs/alu/runs/RUN_2025.07.10_13.13.56/logs/signoff/33-gdsii.log"

Thu Jul 10 13:14:44 +0000 2025 - Executing "{magic -noconsole -dnull -rcfile /home/arjun/.volare/sky130A/libs.tech/magic/sky130A.magicrc < /openlane/scripts/magic/wrapper.tcl |& tee /dev/null /openlane/designs/alu/runs/RUN_2025.07.10_13.13.56/logs/signoff/33-gdsii.log}"

Thu Jul 10 13:14:44 +0000 2025 - Executing "magic -noconsole -dnull -rcfile /home/arjun/.volare/sky130A/libs.tech/magic/sky130A.magicrc < /openlane/scripts/magic/wrapper.tcl |& tee /dev/null /openlane/designs/alu/runs/RUN_2025.07.10_13.13.56/logs/signoff/33-gds_ptrs.log"

Thu Jul 10 13:14:44 +0000 2025 - Executing "{magic -noconsole -dnull -rcfile /home/arjun/.volare/sky130A/libs.tech/magic/sky130A.magicrc < /openlane/scripts/magic/wrapper.tcl |& tee /dev/null /openlane/designs/alu/runs/RUN_2025.07.10_13.13.56/logs/signoff/33-gds_ptrs.log}"

Thu Jul 10 13:14:44 +0000 2025 - Executing "{sed -i.bak -n {/^<< properties >>/,/^<< end >>/p} /openlane/designs/alu/runs/RUN_2025.07.10_13.13.56/tmp/signoff/gds_ptrs.mag}"

Thu Jul 10 13:14:44 +0000 2025 - Executing "magic -noconsole -dnull -rcfile /home/arjun/.volare/sky130A/libs.tech/magic/sky130A.magicrc < /openlane/scripts/magic/wrapper.tcl |& tee /dev/null /openlane/designs/alu/runs/RUN_2025.07.10_13.13.56/logs/signoff/33-lef.log"

Thu Jul 10 13:14:44 +0000 2025 - Executing "{magic -noconsole -dnull -rcfile /home/arjun/.volare/sky130A/libs.tech/magic/sky130A.magicrc < /openlane/scripts/magic/wrapper.tcl |& tee /dev/null /openlane/designs/alu/runs/RUN_2025.07.10_13.13.56/logs/signoff/33-lef.log}"

Thu Jul 10 13:14:45 +0000 2025 - Executing "magic -noconsole -dnull -rcfile /home/arjun/.volare/sky130A/libs.tech/magic/sky130A.magicrc < /openlane/scripts/magic/wrapper.tcl |& tee /dev/null /openlane/designs/alu/runs/RUN_2025.07.10_13.13.56/logs/signoff/33-maglef.log"

Thu Jul 10 13:14:45 +0000 2025 - Executing "{magic -noconsole -dnull -rcfile /home/arjun/.volare/sky130A/libs.tech/magic/sky130A.magicrc < /openlane/scripts/magic/wrapper.tcl |& tee /dev/null /openlane/designs/alu/runs/RUN_2025.07.10_13.13.56/logs/signoff/33-maglef.log}"

Thu Jul 10 13:14:45 +0000 2025 - Executing "{python3 /openlane/scripts/klayout/stream_out.py --output /openlane/designs/alu/runs/RUN_2025.07.10_13.13.56/results/signoff/alu.klayout.gds --lyt /home/arjun/.volare/sky130A/libs.tech/klayout/tech/sky130A.lyt --lym /home/arjun/.volare/sky130A/libs.tech/klayout/tech/sky130A.map --lyp /home/arjun/.volare/sky130A/libs.tech/klayout/tech/sky130A.lyp --top alu --with-gds-file /home/arjun/.volare/sky130A/libs.ref/sky130_fd_sc_hd/gds/sky130_fd_sc_hd.gds --input-lef /openlane/designs/alu/runs/RUN_2025.07.10_13.13.56/tmp/merged.nom.lef /openlane/designs/alu/runs/RUN_2025.07.10_13.13.56/results/routing/alu.def |& tee /dev/null /openlane/designs/alu/runs/RUN_2025.07.10_13.13.56/logs/signoff/34-gdsii-klayout.log}"

Thu Jul 10 13:14:46 +0000 2025 - Executing "{klayout -b -r /openlane/scripts/klayout/xor.drc -rd a=/openlane/designs/alu/runs/RUN_2025.07.10_13.13.56/results/signoff/alu.gds -rd b=/openlane/designs/alu/runs/RUN_2025.07.10_13.13.56/results/signoff/alu.klayout.gds -rd jobs=1 -rd rdb_out=/openlane/designs/alu/runs/RUN_2025.07.10_13.13.56/reports/signoff/35-xor.xml -rd ignore=81/14 -rd rpt_out=/openlane/designs/alu/runs/RUN_2025.07.10_13.13.56/reports/signoff/35-xor.rpt |& tee /dev/null /openlane/designs/alu/runs/RUN_2025.07.10_13.13.56/logs/signoff/35-xor.log}"

Thu Jul 10 13:14:47 +0000 2025 - Executing "magic -noconsole -dnull -rcfile /home/arjun/.volare/sky130A/libs.tech/magic/sky130A.magicrc < /openlane/scripts/magic/wrapper.tcl |& tee /dev/null /openlane/designs/alu/runs/RUN_2025.07.10_13.13.56/logs/signoff/36-spice.log"

Thu Jul 10 13:14:47 +0000 2025 - Executing "{magic -noconsole -dnull -rcfile /home/arjun/.volare/sky130A/libs.tech/magic/sky130A.magicrc < /openlane/scripts/magic/wrapper.tcl |& tee /dev/null /openlane/designs/alu/runs/RUN_2025.07.10_13.13.56/logs/signoff/36-spice.log}"

Thu Jul 10 13:14:47 +0000 2025 - Executing "{openroad -exit -no_init -python /openlane/scripts/odbpy/power_utils.py write_powered_def --output /openlane/designs/alu/runs/RUN_2025.07.10_13.13.56/tmp/signoff/36-alu.p.def --input-lef /openlane/designs/alu/runs/RUN_2025.07.10_13.13.56/tmp/merged.nom.lef --power-port VPWR --ground-port VGND --powered-netlist {} /openlane/designs/alu/runs/RUN_2025.07.10_13.13.56/results/routing/alu.def |& tee /dev/null /openlane/designs/alu/runs/RUN_2025.07.10_13.13.56/logs/signoff/37-write_powered_def.log}"

Thu Jul 10 13:14:48 +0000 2025 - Executing "openroad -exit /openlane/scripts/openroad/write_views.tcl |& tee /dev/null /openlane/designs/alu/runs/RUN_2025.07.10_13.13.56/logs/signoff/37-write_powered_verilog.log"

Thu Jul 10 13:14:48 +0000 2025 - Executing "{openroad -exit /openlane/scripts/openroad/write_views.tcl |& tee /dev/null /openlane/designs/alu/runs/RUN_2025.07.10_13.13.56/logs/signoff/37-write_powered_verilog.log}"

Thu Jul 10 13:14:49 +0000 2025 - Executing "{sed -i.bak -e {s/\(set ::env(CURRENT_NETLIST)\).*/\1 \/openlane\/designs\/alu\/runs\/RUN_2025.07.10_13.13.56\/tmp\/signoff\/36-alu.nl.v/} /openlane/designs/alu/runs/RUN_2025.07.10_13.13.56/config.tcl}"

Thu Jul 10 13:14:49 +0000 2025 - Executing "{netgen -batch source /openlane/designs/alu/runs/RUN_2025.07.10_13.13.56/tmp/signoff/39-setup_file.lef.lvs |& tee /dev/null /openlane/designs/alu/runs/RUN_2025.07.10_13.13.56/logs/signoff/39-lvs.lef.log}"

Thu Jul 10 13:14:49 +0000 2025 - Executing "magic -noconsole -dnull -rcfile /home/arjun/.volare/sky130A/libs.tech/magic/sky130A.magicrc < /openlane/scripts/magic/wrapper.tcl |& tee /dev/null /openlane/designs/alu/runs/RUN_2025.07.10_13.13.56/logs/signoff/40-drc.log"

Thu Jul 10 13:14:49 +0000 2025 - Executing "{magic -noconsole -dnull -rcfile /home/arjun/.volare/sky130A/libs.tech/magic/sky130A.magicrc < /openlane/scripts/magic/wrapper.tcl |& tee /dev/null /openlane/designs/alu/runs/RUN_2025.07.10_13.13.56/logs/signoff/40-drc.log}"

Thu Jul 10 13:14:50 +0000 2025 - Executing "{python3 /openlane/scripts/drc_rosetta.py magic to_tcl -o /openlane/designs/alu/runs/RUN_2025.07.10_13.13.56/reports/signoff/drc.tcl /openlane/designs/alu/runs/RUN_2025.07.10_13.13.56/reports/signoff/drc.rpt}"

Thu Jul 10 13:14:50 +0000 2025 - Executing "{python3 /openlane/scripts/drc_rosetta.py magic to_tr -o /openlane/designs/alu/runs/RUN_2025.07.10_13.13.56/reports/signoff/drc.tr /openlane/designs/alu/runs/RUN_2025.07.10_13.13.56/reports/signoff/drc.rpt}"

Thu Jul 10 13:14:50 +0000 2025 - Executing "{python3 /openlane/scripts/drc_rosetta.py tr to_klayout -o /openlane/designs/alu/runs/RUN_2025.07.10_13.13.56/reports/signoff/drc.klayout.xml --design-name alu /openlane/designs/alu/runs/RUN_2025.07.10_13.13.56/reports/signoff/drc.tr}"

Thu Jul 10 13:14:50 +0000 2025 - Executing "{python3 /openlane/scripts/drc_rosetta.py magic to_rdb -o /openlane/designs/alu/runs/RUN_2025.07.10_13.13.56/reports/signoff/drc.rdb /openlane/designs/alu/runs/RUN_2025.07.10_13.13.56/reports/signoff/drc.rpt}"

Thu Jul 10 13:14:51 +0000 2025 - Executing "{klayout -b -zz -r /home/arjun/.volare/sky130A/libs.tech/klayout/drc/sky130A_mr.drc -rd topcell=alu -rd input=/openlane/designs/alu/runs/RUN_2025.07.10_13.13.56/results/signoff/alu.gds -rd report=/openlane/designs/alu/runs/RUN_2025.07.10_13.13.56/reports/signoff/violations.xml -rd feol=true -rd beol=true -rd floating_metal=false -rd seal=true -rd thread=1 |& tee /dev/null /openlane/designs/alu/runs/RUN_2025.07.10_13.13.56/logs/signoff/41-drc-klayout.log}"

Thu Jul 10 13:14:52 +0000 2025 - Executing "{python3 /openlane/scripts/klayout/xml_drc_report_to_json.py --xml-file /openlane/designs/alu/runs/RUN_2025.07.10_13.13.56/reports/signoff/violations.xml --json-file /openlane/designs/alu/runs/RUN_2025.07.10_13.13.56/reports/signoff/violations.json}"

Thu Jul 10 13:14:52 +0000 2025 - Executing "openroad -exit /openlane/scripts/openroad/antenna_check.tcl |& tee /dev/null /openlane/designs/alu/runs/RUN_2025.07.10_13.13.56/logs/signoff/42-arc.log"

Thu Jul 10 13:14:52 +0000 2025 - Executing "{openroad -exit /openlane/scripts/openroad/antenna_check.tcl |& tee /dev/null /openlane/designs/alu/runs/RUN_2025.07.10_13.13.56/logs/signoff/42-arc.log}"

Thu Jul 10 13:14:53 +0000 2025 - Executing "{python3 /openlane/scripts/extract_antenna_violators.py --output /openlane/designs/alu/runs/RUN_2025.07.10_13.13.56/reports/signoff/42-antenna_violators.rpt --plain-out /openlane/designs/alu/runs/RUN_2025.07.10_13.13.56/reports/signoff/42-antenna_violators_pins.txt /openlane/designs/alu/runs/RUN_2025.07.10_13.13.56/logs/signoff/42-arc.log}"

Thu Jul 10 13:14:53 +0000 2025 - Executing "{python3 /openlane/scripts/write_runtime.py --conclude --seconds --time-in 1752153293 {flow completed}}"

Thu Jul 10 13:14:53 +0000 2025 - Executing "{python3 /openlane/scripts/generate_reports.py -d /openlane/designs/alu --design_name alu --tag RUN_2025.07.10_13.13.56 --output_file /openlane/designs/alu/runs/RUN_2025.07.10_13.13.56/reports/metrics.csv --man_report /openlane/designs/alu/runs/RUN_2025.07.10_13.13.56/reports/manufacturability.rpt --run_path /openlane/designs/alu/runs/RUN_2025.07.10_13.13.56}"

