
===========================================================================
 report_power
============================================================================
======================= Fastest Corner ===================================

Group                  Internal  Switching    Leakage      Total
                          Power      Power      Power      Power (Watts)
----------------------------------------------------------------
Sequential             0.00e+00   0.00e+00   0.00e+00   0.00e+00   0.0%
Combinational          1.08e-05   1.55e-05   2.54e-10   2.64e-05 100.0%
Clock                  0.00e+00   0.00e+00   1.83e-10   1.83e-10   0.0%
Macro                  0.00e+00   0.00e+00   0.00e+00   0.00e+00   0.0%
Pad                    0.00e+00   0.00e+00   0.00e+00   0.00e+00   0.0%
----------------------------------------------------------------
Total                  1.08e-05   1.55e-05   4.37e-10   2.64e-05 100.0%
                          41.1%      58.9%       0.0%

======================= Slowest Corner ===================================

Group                  Internal  Switching    Leakage      Total
                          Power      Power      Power      Power (Watts)
----------------------------------------------------------------
Sequential             0.00e+00   0.00e+00   0.00e+00   0.00e+00   0.0%
Combinational          8.08e-06   1.03e-05   2.21e-07   1.86e-05 100.0%
Clock                  0.00e+00   0.00e+00   1.83e-10   1.83e-10   0.0%
Macro                  0.00e+00   0.00e+00   0.00e+00   0.00e+00   0.0%
Pad                    0.00e+00   0.00e+00   0.00e+00   0.00e+00   0.0%
----------------------------------------------------------------
Total                  8.08e-06   1.03e-05   2.22e-07   1.86e-05 100.0%
                          43.4%      55.4%       1.2%

======================= Typical Corner ===================================

Group                  Internal  Switching    Leakage      Total
                          Power      Power      Power      Power (Watts)
----------------------------------------------------------------
Sequential             0.00e+00   0.00e+00   0.00e+00   0.00e+00   0.0%
Combinational          9.87e-06   1.32e-05   1.53e-10   2.30e-05 100.0%
Clock                  0.00e+00   0.00e+00   1.83e-10   1.83e-10   0.0%
Macro                  0.00e+00   0.00e+00   0.00e+00   0.00e+00   0.0%
Pad                    0.00e+00   0.00e+00   0.00e+00   0.00e+00   0.0%
----------------------------------------------------------------
Total                  9.87e-06   1.32e-05   3.36e-10   2.30e-05 100.0%
                          42.9%      57.1%       0.0%

