
===========================================================================
report_checks -unconstrained
===========================================================================
======================= Typical Corner ===================================

Startpoint: SEL[0] (input port clocked by __VIRTUAL_CLK__)
Endpoint: Y[3] (output port clocked by __VIRTUAL_CLK__)
Path Group: __VIRTUAL_CLK__
Path Type: max

Fanout     Cap    Slew   Delay    Time   Description
-----------------------------------------------------------------------------
                  0.00    0.00    0.00   clock __VIRTUAL_CLK__ (rise edge)
                          0.00    0.00   clock network delay (ideal)
                          2.00    2.00 ^ input external delay
     4    0.01    0.05    0.04    2.04 ^ SEL[0] (in)
                                         SEL[0] (net)
                  0.05    0.00    2.04 ^ _36_/B_N (sky130_fd_sc_hd__or2b_2)
     4    0.01    0.08    0.35    2.39 v _36_/X (sky130_fd_sc_hd__or2b_2)
                                         _05_ (net)
                  0.08    0.00    2.39 v _37_/C (sky130_fd_sc_hd__and3_2)
     2    0.00    0.04    0.24    2.62 v _37_/X (sky130_fd_sc_hd__and3_2)
                                         _06_ (net)
                  0.04    0.00    2.62 v _40_/B (sky130_fd_sc_hd__or3_2)
     2    0.00    0.08    0.47    3.10 v _40_/X (sky130_fd_sc_hd__or3_2)
                                         _09_ (net)
                  0.08    0.00    3.10 v _46_/A2 (sky130_fd_sc_hd__a21o_2)
     2    0.01    0.06    0.27    3.36 v _46_/X (sky130_fd_sc_hd__a21o_2)
                                         _14_ (net)
                  0.06    0.00    3.36 v _56_/A1 (sky130_fd_sc_hd__a21oi_2)
     1    0.01    0.15    0.18    3.55 ^ _56_/Y (sky130_fd_sc_hd__a21oi_2)
                                         _23_ (net)
                  0.15    0.00    3.55 ^ _61_/A (sky130_fd_sc_hd__xnor2_2)
     1    0.00    0.10    0.13    3.68 ^ _61_/Y (sky130_fd_sc_hd__xnor2_2)
                                         _28_ (net)
                  0.10    0.00    3.68 ^ _63_/B1 (sky130_fd_sc_hd__o221a_2)
     1    0.03    0.20    0.34    4.01 ^ _63_/X (sky130_fd_sc_hd__o221a_2)
                                         Y[3] (net)
                  0.20    0.00    4.01 ^ Y[3] (out)
                                  4.01   data arrival time

                  0.00   10.00   10.00   clock __VIRTUAL_CLK__ (rise edge)
                          0.00   10.00   clock network delay (ideal)
                         -0.25    9.75   clock uncertainty
                          0.00    9.75   clock reconvergence pessimism
                         -2.00    7.75   output external delay
                                  7.75   data required time
-----------------------------------------------------------------------------
                                  7.75   data required time
                                 -4.01   data arrival time
-----------------------------------------------------------------------------
                                  3.74   slack (MET)




===========================================================================
report_checks --slack_max -0.01
============================================================================
======================= Typical Corner ===================================

No paths found.


===========================================================================
 report_check_types -max_slew -max_cap -max_fanout -violators
============================================================================
======================= Typical Corner ===================================


max slew violations count Typical: 0
max fanout violations count Typical: 0
max cap violations count Typical: 0

===========================================================================
report_parasitic_annotation -report_unannotated
============================================================================
Found 0 unannotated drivers.
Found 0 partially unannotated drivers.

===========================================================================
max slew violation count 0
max fanout violation count 0
max cap violation count 0
============================================================================

===========================================================================
check_setup -verbose -unconstrained_endpoints -multiple_clock -no_clock -no_input_delay -loops -generated_clocks
===========================================================================
