
===========================================================================
report_checks -unconstrained
===========================================================================
======================= Typical Corner ===================================

Startpoint: SEL[1] (input port clocked by __VIRTUAL_CLK__)
Endpoint: Y[3] (output port clocked by __VIRTUAL_CLK__)
Path Group: __VIRTUAL_CLK__
Path Type: max

Fanout     Cap    Slew   Delay    Time   Description
-----------------------------------------------------------------------------
                  0.00    0.00    0.00   clock __VIRTUAL_CLK__ (rise edge)
                          0.00    0.00   clock network delay (ideal)
                          2.00    2.00 v input external delay
     1    0.00    0.01    0.00    2.00 v SEL[1] (in)
                                         SEL[1] (net)
                  0.01    0.00    2.00 v input10/A (sky130_fd_sc_hd__dlymetal6s2s_1)
     5    0.02    0.09    0.18    2.18 v input10/X (sky130_fd_sc_hd__dlymetal6s2s_1)
                                         net10 (net)
                  0.09    0.00    2.18 v _36_/A (sky130_fd_sc_hd__or2b_1)
     4    0.01    0.08    0.29    2.47 v _36_/X (sky130_fd_sc_hd__or2b_1)
                                         _05_ (net)
                  0.08    0.00    2.47 v _37_/C (sky130_fd_sc_hd__and3_1)
     2    0.00    0.05    0.21    2.68 v _37_/X (sky130_fd_sc_hd__and3_1)
                                         _06_ (net)
                  0.05    0.00    2.68 v _40_/B (sky130_fd_sc_hd__or3_1)
     2    0.01    0.08    0.38    3.06 v _40_/X (sky130_fd_sc_hd__or3_1)
                                         _09_ (net)
                  0.08    0.00    3.06 v _46_/A2 (sky130_fd_sc_hd__a21o_1)
     2    0.01    0.06    0.22    3.29 v _46_/X (sky130_fd_sc_hd__a21o_1)
                                         _14_ (net)
                  0.06    0.00    3.29 v _56_/A1 (sky130_fd_sc_hd__a21oi_1)
     1    0.01    0.18    0.19    3.47 ^ _56_/Y (sky130_fd_sc_hd__a21oi_1)
                                         _23_ (net)
                  0.18    0.00    3.47 ^ _61_/A (sky130_fd_sc_hd__xnor2_1)
     1    0.00    0.12    0.14    3.62 ^ _61_/Y (sky130_fd_sc_hd__xnor2_1)
                                         _28_ (net)
                  0.12    0.00    3.62 ^ _63_/B1 (sky130_fd_sc_hd__o221a_1)
     1    0.00    0.05    0.20    3.82 ^ _63_/X (sky130_fd_sc_hd__o221a_1)
                                         net14 (net)
                  0.05    0.00    3.82 ^ output14/A (sky130_fd_sc_hd__buf_2)
     1    0.03    0.17    0.21    4.03 ^ output14/X (sky130_fd_sc_hd__buf_2)
                                         Y[3] (net)
                  0.17    0.00    4.03 ^ Y[3] (out)
                                  4.03   data arrival time

                  0.00   10.00   10.00   clock __VIRTUAL_CLK__ (rise edge)
                          0.00   10.00   clock network delay (ideal)
                         -0.25    9.75   clock uncertainty
                          0.00    9.75   clock reconvergence pessimism
                         -2.00    7.75   output external delay
                                  7.75   data required time
-----------------------------------------------------------------------------
                                  7.75   data required time
                                 -4.03   data arrival time
-----------------------------------------------------------------------------
                                  3.72   slack (MET)




===========================================================================
report_checks --slack_max -0.01
============================================================================
======================= Typical Corner ===================================

No paths found.


===========================================================================
 report_check_types -max_slew -max_cap -max_fanout -violators
============================================================================
======================= Typical Corner ===================================


max slew violations count Typical: 0
max fanout violations count Typical: 0
max cap violations count Typical: 0

===========================================================================
report_parasitic_annotation -report_unannotated
============================================================================
Found 0 unannotated drivers.
Found 2 partially unannotated drivers.
 A[2]
 _31_/X

===========================================================================
max slew violation count 0
max fanout violation count 0
max cap violation count 0
============================================================================

===========================================================================
check_setup -verbose -unconstrained_endpoints -multiple_clock -no_clock -no_input_delay -loops -generated_clocks
===========================================================================
