
===========================================================================
 report_power
============================================================================
======================= Fastest Corner ===================================

Group                  Internal  Switching    Leakage      Total
                          Power      Power      Power      Power (Watts)
----------------------------------------------------------------
Sequential             0.00e+00   0.00e+00   0.00e+00   0.00e+00   0.0%
Combinational          1.08e-05   1.53e-05   2.54e-10   2.61e-05 100.0%
Clock                  0.00e+00   0.00e+00   1.83e-10   1.83e-10   0.0%
Macro                  0.00e+00   0.00e+00   0.00e+00   0.00e+00   0.0%
Pad                    0.00e+00   0.00e+00   0.00e+00   0.00e+00   0.0%
----------------------------------------------------------------
Total                  1.08e-05   1.53e-05   4.37e-10   2.61e-05 100.0%
                          41.5%      58.5%       0.0%

======================= Slowest Corner ===================================

Group                  Internal  Switching    Leakage      Total
                          Power      Power      Power      Power (Watts)
----------------------------------------------------------------
Sequential             0.00e+00   0.00e+00   0.00e+00   0.00e+00   0.0%
Combinational          8.07e-06   1.02e-05   2.21e-07   1.84e-05 100.0%
Clock                  0.00e+00   0.00e+00   1.83e-10   1.83e-10   0.0%
Macro                  0.00e+00   0.00e+00   0.00e+00   0.00e+00   0.0%
Pad                    0.00e+00   0.00e+00   0.00e+00   0.00e+00   0.0%
----------------------------------------------------------------
Total                  8.07e-06   1.02e-05   2.22e-07   1.84e-05 100.0%
                          43.8%      55.0%       1.2%

======================= Typical Corner ===================================

Group                  Internal  Switching    Leakage      Total
                          Power      Power      Power      Power (Watts)
----------------------------------------------------------------
Sequential             0.00e+00   0.00e+00   0.00e+00   0.00e+00   0.0%
Combinational          9.86e-06   1.29e-05   1.53e-10   2.28e-05 100.0%
Clock                  0.00e+00   0.00e+00   1.83e-10   1.83e-10   0.0%
Macro                  0.00e+00   0.00e+00   0.00e+00   0.00e+00   0.0%
Pad                    0.00e+00   0.00e+00   0.00e+00   0.00e+00   0.0%
----------------------------------------------------------------
Total                  9.86e-06   1.29e-05   3.36e-10   2.28e-05 100.0%
                          43.2%      56.8%       0.0%

